\BOOKMARK [0][]{section*.1}{\376\377\000C\000o\000n\000t\000e\000n\000t\000s}{}% 1
\BOOKMARK [0][]{section*.3}{\376\377\000L\000i\000s\000t\000\040\000o\000f\000\040\000F\000i\000g\000u\000r\000e\000s}{}% 2
\BOOKMARK [0][]{chapter.1}{\376\377\0001\000\040\000Q\000u\000i\000c\000k\000\040\000S\000t\000a\000r\000t\000\040\040\024\000\040\000S\000e\000e\000\040\000I\000t\000\040\000R\000u\000n}{}% 3
\BOOKMARK [1][-]{section.1.1}{\376\377\0001\000.\0001\000\040\000S\000t\000e\000p\000\040\0001\000:\000\040\000C\000l\000o\000n\000e\000\040\000t\000h\000e\000\040\000R\000e\000p\000o\000s\000i\000t\000o\000r\000y}{chapter.1}% 4
\BOOKMARK [1][-]{section.1.2}{\376\377\0001\000.\0002\000\040\000S\000t\000e\000p\000\040\0002\000:\000\040\000S\000t\000a\000r\000t\000\040\000t\000h\000e\000\040\000N\000e\000t\000w\000o\000r\000k}{chapter.1}% 5
\BOOKMARK [1][-]{section.1.3}{\376\377\0001\000.\0003\000\040\000S\000t\000e\000p\000\040\0003\000:\000\040\000W\000a\000t\000c\000h\000\040\000I\000t\000\040\000W\000o\000r\000k}{chapter.1}% 6
\BOOKMARK [1][-]{section.1.4}{\376\377\0001\000.\0004\000\040\000S\000t\000e\000p\000\040\0004\000:\000\040\000O\000p\000e\000n\000\040\000t\000h\000e\000\040\000A\000d\000m\000i\000n\000\040\000D\000a\000s\000h\000b\000o\000a\000r\000d}{chapter.1}% 7
\BOOKMARK [1][-]{section.1.5}{\376\377\0001\000.\0005\000\040\000S\000t\000e\000p\000\040\0005\000:\000\040\000Q\000u\000e\000r\000y\000\040\000t\000h\000e\000\040\000A\000P\000I}{chapter.1}% 8
\BOOKMARK [1][-]{section.1.6}{\376\377\0001\000.\0006\000\040\000C\000l\000e\000a\000n\000\040\000U\000p}{chapter.1}% 9
\BOOKMARK [-1][]{part.1}{\376\377\000I\000\040\000F\000o\000u\000n\000d\000a\000t\000i\000o\000n\000s\000\040\000\046\000\040\000C\000o\000r\000e\000\040\000I\000m\000p\000l\000e\000m\000e\000n\000t\000a\000t\000i\000o\000n}{}% 10
\BOOKMARK [0][]{chapter.2}{\376\377\0002\000\040\000I\000n\000t\000r\000o\000d\000u\000c\000t\000i\000o\000n\000\040\000\046\000\040\000O\000v\000e\000r\000v\000i\000e\000w}{part.1}% 11
\BOOKMARK [1][-]{section.2.1}{\376\377\0002\000.\0001\000\040\000H\000o\000w\000\040\000t\000h\000e\000\040\000B\000o\000o\000k\000\040\000I\000s\000\040\000O\000r\000g\000a\000n\000i\000z\000e\000d}{chapter.2}% 12
\BOOKMARK [1][-]{section.2.2}{\376\377\0002\000.\0002\000\040\000S\000y\000s\000t\000e\000m\000\040\000A\000r\000c\000h\000i\000t\000e\000c\000t\000u\000r\000e}{chapter.2}% 13
\BOOKMARK [1][-]{section.2.3}{\376\377\0002\000.\0003\000\040\000W\000h\000a\000t\000\040\000T\000h\000i\000s\000\040\000B\000o\000o\000k\000\040\000D\000o\000e\000s\000\040\000N\000o\000t\000\040\000C\000o\000v\000e\000r}{chapter.2}% 14
\BOOKMARK [1][-]{section.2.4}{\376\377\0002\000.\0004\000\040\000P\000r\000o\000j\000e\000c\000t\000\040\000S\000t\000r\000u\000c\000t\000u\000r\000e}{chapter.2}% 15
\BOOKMARK [1][-]{section.2.5}{\376\377\0002\000.\0005\000\040\000T\000e\000c\000h\000n\000i\000c\000a\000l\000\040\000S\000t\000a\000c\000k}{chapter.2}% 16
\BOOKMARK [1][-]{section.2.6}{\376\377\0002\000.\0006\000\040\000W\000h\000a\000t\000\040\000t\000o\000\040\000R\000e\000a\000d\000\040\000N\000e\000x\000t}{chapter.2}% 17
\BOOKMARK [1][-]{section.2.7}{\376\377\0002\000.\0007\000\040\000F\000u\000r\000t\000h\000e\000r\000\040\000R\000e\000a\000d\000i\000n\000g}{chapter.2}% 18
\BOOKMARK [0][]{chapter.3}{\376\377\0003\000\040\000I\000n\000t\000r\000o\000d\000u\000c\000t\000i\000o\000n\000\040\000t\000o\000\040\000B\000l\000o\000c\000k\000c\000h\000a\000i\000n}{part.1}% 19
\BOOKMARK [1][-]{section.3.1}{\376\377\0003\000.\0001\000\040\000W\000h\000a\000t\000\040\000I\000s\000\040\000B\000i\000t\000c\000o\000i\000n\000?}{chapter.3}% 20
\BOOKMARK [1][-]{section.3.2}{\376\377\0003\000.\0002\000\040\000W\000h\000a\000t\000\040\000I\000s\000\040\000B\000l\000o\000c\000k\000c\000h\000a\000i\000n\000?}{chapter.3}% 21
\BOOKMARK [1][-]{section.3.3}{\376\377\0003\000.\0003\000\040\000T\000h\000e\000\040\000O\000r\000i\000g\000i\000n\000\040\000o\000f\000\040\000B\000i\000t\000c\000o\000i\000n\000\040\000a\000n\000d\000\040\000B\000l\000o\000c\000k\000c\000h\000a\000i\000n}{chapter.3}% 22
\BOOKMARK [1][-]{section.3.4}{\376\377\0003\000.\0004\000\040\000B\000i\000t\000c\000o\000i\000n\000\040\000W\000h\000i\000t\000e\000p\000a\000p\000e\000r\000\040\000S\000u\000m\000m\000a\000r\000y}{chapter.3}% 23
\BOOKMARK [1][-]{section.3.5}{\376\377\0003\000.\0005\000\040\000S\000y\000s\000t\000e\000m\000\040\000A\000r\000c\000h\000i\000t\000e\000c\000t\000u\000r\000e\000:\000\040\000C\000e\000n\000t\000r\000a\000l\000i\000z\000e\000d\000\040\000v\000s\000.\000\040\000D\000e\000c\000e\000n\000t\000r\000a\000l\000i\000z\000e\000d\000\040\000v\000s\000.\000\040\000D\000i\000s\000t\000r\000i\000b\000u\000t\000e\000d}{chapter.3}% 24
\BOOKMARK [1][-]{section.3.6}{\376\377\0003\000.\0006\000\040\000T\000e\000c\000h\000n\000i\000c\000a\000l\000\040\000F\000o\000u\000n\000d\000a\000t\000i\000o\000n\000s}{chapter.3}% 25
\BOOKMARK [1][-]{section.3.7}{\376\377\0003\000.\0007\000\040\000A\000p\000p\000l\000i\000c\000a\000t\000i\000o\000n\000s\000\040\000B\000e\000y\000o\000n\000d\000\040\000C\000r\000y\000p\000t\000o\000c\000u\000r\000r\000e\000n\000c\000y}{chapter.3}% 26
\BOOKMARK [1][-]{section.3.8}{\376\377\0003\000.\0008\000\040\000C\000h\000a\000l\000l\000e\000n\000g\000e\000s\000\040\000a\000n\000d\000\040\000L\000i\000m\000i\000t\000a\000t\000i\000o\000n\000s}{chapter.3}% 27
\BOOKMARK [1][-]{section.3.9}{\376\377\0003\000.\0009\000\040\000T\000h\000e\000\040\000F\000u\000t\000u\000r\000e\000\040\000o\000f\000\040\000B\000l\000o\000c\000k\000c\000h\000a\000i\000n}{chapter.3}% 28
\BOOKMARK [1][-]{section.3.10}{\376\377\0003\000.\0001\0000\000\040\000C\000o\000n\000c\000l\000u\000s\000i\000o\000n}{chapter.3}% 29
\BOOKMARK [1][-]{section.3.11}{\376\377\0003\000.\0001\0001\000\040\000F\000u\000r\000t\000h\000e\000r\000\040\000R\000e\000a\000d\000i\000n\000g}{chapter.3}% 30
\BOOKMARK [0][]{chapter.4}{\376\377\0004\000\040\000T\000h\000e\000\040\000B\000i\000t\000c\000o\000i\000n\000\040\000W\000h\000i\000t\000e\000p\000a\000p\000e\000r}{part.1}% 31
\BOOKMARK [1][-]{section.4.1}{\376\377\0004\000.\0001\000\040\000H\000i\000s\000t\000o\000r\000i\000c\000a\000l\000\040\000C\000o\000n\000t\000e\000x\000t\000\040\000a\000n\000d\000\040\000S\000i\000g\000n\000i\000f\000i\000c\000a\000n\000c\000e}{chapter.4}% 32
\BOOKMARK [1][-]{section.4.2}{\376\377\0004\000.\0002\000\040\000S\000c\000o\000p\000e\000\040\000a\000n\000d\000\040\000O\000r\000g\000a\000n\000i\000z\000a\000t\000i\000o\000n}{chapter.4}% 33
\BOOKMARK [1][-]{section.4.3}{\376\377\0004\000.\0003\000\040\000T\000h\000e\000\040\000P\000r\000o\000b\000l\000e\000m\000:\000\040\000T\000r\000u\000s\000t\000\040\000i\000n\000\040\000E\000l\000e\000c\000t\000r\000o\000n\000i\000c\000\040\000P\000a\000y\000m\000e\000n\000t\000s}{chapter.4}% 34
\BOOKMARK [1][-]{section.4.4}{\376\377\0004\000.\0004\000\040\000T\000h\000e\000\040\000S\000o\000l\000u\000t\000i\000o\000n\000:\000\040\000P\000e\000e\000r\000-\000t\000o\000-\000P\000e\000e\000r\000\040\000E\000l\000e\000c\000t\000r\000o\000n\000i\000c\000\040\000C\000a\000s\000h}{chapter.4}% 35
\BOOKMARK [1][-]{section.4.5}{\376\377\0004\000.\0005\000\040\000T\000r\000a\000n\000s\000a\000c\000t\000i\000o\000n\000s\000:\000\040\000D\000i\000g\000i\000t\000a\000l\000\040\000S\000i\000g\000n\000a\000t\000u\000r\000e\000s\000\040\000a\000n\000d\000\040\000O\000w\000n\000e\000r\000s\000h\000i\000p}{chapter.4}% 36
\BOOKMARK [1][-]{section.4.6}{\376\377\0004\000.\0006\000\040\000T\000h\000e\000\040\000D\000o\000u\000b\000l\000e\000-\000S\000p\000e\000n\000d\000i\000n\000g\000\040\000P\000r\000o\000b\000l\000e\000m}{chapter.4}% 37
\BOOKMARK [1][-]{section.4.7}{\376\377\0004\000.\0007\000\040\000T\000i\000m\000e\000s\000t\000a\000m\000p\000\040\000S\000e\000r\000v\000e\000r\000:\000\040\000I\000m\000m\000u\000t\000a\000b\000l\000e\000\040\000C\000h\000r\000o\000n\000o\000l\000o\000g\000i\000c\000a\000l\000\040\000R\000e\000c\000o\000r\000d\000s}{chapter.4}% 38
\BOOKMARK [1][-]{section.4.8}{\376\377\0004\000.\0008\000\040\000P\000r\000o\000o\000f\000-\000o\000f\000-\000W\000o\000r\000k\000:\000\040\000S\000e\000c\000u\000r\000i\000n\000g\000\040\000t\000h\000e\000\040\000N\000e\000t\000w\000o\000r\000k}{chapter.4}% 39
\BOOKMARK [1][-]{section.4.9}{\376\377\0004\000.\0009\000\040\000N\000e\000t\000w\000o\000r\000k\000\040\000O\000p\000e\000r\000a\000t\000i\000o\000n\000:\000\040\000H\000o\000w\000\040\000N\000o\000d\000e\000s\000\040\000C\000o\000o\000r\000d\000i\000n\000a\000t\000e}{chapter.4}% 40
\BOOKMARK [1][-]{section.4.10}{\376\377\0004\000.\0001\0000\000\040\000I\000n\000c\000e\000n\000t\000i\000v\000e\000\040\000M\000e\000c\000h\000a\000n\000i\000s\000m\000:\000\040\000R\000e\000w\000a\000r\000d\000i\000n\000g\000\040\000H\000o\000n\000e\000s\000t\000\040\000B\000e\000h\000a\000v\000i\000o\000r}{chapter.4}% 41
\BOOKMARK [1][-]{section.4.11}{\376\377\0004\000.\0001\0001\000\040\000M\000e\000r\000k\000l\000e\000\040\000T\000r\000e\000e\000s\000:\000\040\000E\000f\000f\000i\000c\000i\000e\000n\000t\000\040\000S\000t\000o\000r\000a\000g\000e\000\040\000a\000n\000d\000\040\000V\000e\000r\000i\000f\000i\000c\000a\000t\000i\000o\000n}{chapter.4}% 42
\BOOKMARK [1][-]{section.4.12}{\376\377\0004\000.\0001\0002\000\040\000S\000i\000m\000p\000l\000i\000f\000i\000e\000d\000\040\000P\000a\000y\000m\000e\000n\000t\000\040\000V\000e\000r\000i\000f\000i\000c\000a\000t\000i\000o\000n}{chapter.4}% 43
\BOOKMARK [1][-]{section.4.13}{\376\377\0004\000.\0001\0003\000\040\000C\000o\000m\000b\000i\000n\000i\000n\000g\000\040\000a\000n\000d\000\040\000S\000p\000l\000i\000t\000t\000i\000n\000g\000\040\000V\000a\000l\000u\000e}{chapter.4}% 44
\BOOKMARK [1][-]{section.4.14}{\376\377\0004\000.\0001\0004\000\040\000P\000r\000i\000v\000a\000c\000y\000\040\000i\000n\000\040\000a\000\040\000P\000u\000b\000l\000i\000c\000\040\000L\000e\000d\000g\000e\000r}{chapter.4}% 45
\BOOKMARK [1][-]{section.4.15}{\376\377\0004\000.\0001\0005\000\040\000S\000e\000c\000u\000r\000i\000t\000y\000\040\000A\000n\000a\000l\000y\000s\000i\000s\000:\000\040\000A\000t\000t\000a\000c\000k\000\040\000R\000e\000s\000i\000s\000t\000a\000n\000c\000e}{chapter.4}% 46
\BOOKMARK [1][-]{section.4.16}{\376\377\0004\000.\0001\0006\000\040\000C\000o\000n\000c\000l\000u\000s\000i\000o\000n\000:\000\040\000T\000r\000u\000s\000t\000l\000e\000s\000s\000\040\000E\000l\000e\000c\000t\000r\000o\000n\000i\000c\000\040\000T\000r\000a\000n\000s\000a\000c\000t\000i\000o\000n\000s}{chapter.4}% 47
\BOOKMARK [1][-]{section.4.17}{\376\377\0004\000.\0001\0007\000\040\000K\000e\000y\000\040\000T\000a\000k\000e\000a\000w\000a\000y\000s}{chapter.4}% 48
\BOOKMARK [1][-]{section.4.18}{\376\377\0004\000.\0001\0008\000\040\000W\000h\000a\000t\000\040\000C\000o\000m\000e\000s\000\040\000N\000e\000x\000t}{chapter.4}% 49
\BOOKMARK [0][]{chapter.5}{\376\377\0005\000\040\000B\000i\000t\000c\000o\000i\000n\000\040\000W\000h\000i\000t\000e\000p\000a\000p\000e\000r\000\040\000i\000n\000\040\000R\000u\000s\000t}{part.1}% 50
\BOOKMARK [1][-]{section.5.1}{\376\377\0005\000.\0001\000\040\000R\000u\000s\000t\000\040\000R\000e\000f\000r\000e\000s\000h\000e\000r\000\040\000\050\000O\000p\000t\000i\000o\000n\000a\000l\000\051}{chapter.5}% 51
\BOOKMARK [1][-]{section.5.2}{\376\377\0005\000.\0002\000\040\000R\000e\000a\000d\000\040\000O\000p\000t\000i\000o\000n\000s}{chapter.5}% 52
\BOOKMARK [1][-]{section.5.3}{\376\377\0005\000.\0003\000\040\000S\000p\000l\000i\000t\000\040\000S\000e\000c\000t\000i\000o\000n\000s\000\040\000\050\0000\040\023\0001\0002\000\040\000P\000l\000u\000s\000\040\000A\000p\000p\000e\000n\000d\000i\000c\000e\000s\000\051}{chapter.5}% 53
\BOOKMARK [1][-]{section.5.4}{\376\377\0005\000.\0004\000\040\000H\000o\000w\000\040\000t\000o\000\040\000R\000e\000a\000d\000\040\000T\000h\000i\000s\000\040\000S\000e\000c\000t\000i\000o\000n\000\040\000\050\000N\000o\000d\000e\000\040\000L\000i\000f\000e\000c\000y\000c\000l\000e\000\051}{chapter.5}% 54
\BOOKMARK [1][-]{section.5.5}{\376\377\0005\000.\0005\000\040\000I\000m\000p\000l\000e\000m\000e\000n\000t\000a\000t\000i\000o\000n\000\040\000R\000o\000a\000d\000m\000a\000p\000\040\000\050\000W\000i\000t\000h\000\040\000R\000u\000s\000t\000\040\000E\000n\000c\000o\000d\000i\000n\000g\000\051}{chapter.5}% 55
\BOOKMARK [1][-]{section.5.6}{\376\377\0005\000.\0006\000\040\000W\000h\000a\000t\000\040\000t\000h\000e\000\040\000W\000h\000i\000t\000e\000p\000a\000p\000e\000r\000\040\000S\000p\000e\000c\000i\000f\000i\000e\000s\000\040\000\050\000a\000n\000d\000\040\000W\000h\000a\000t\000\040\000I\000t\000\040\000D\000o\000e\000s\000n\000'\000t\000\051}{chapter.5}% 56
\BOOKMARK [1][-]{section.5.7}{\376\377\0005\000.\0007\000\040\000S\000c\000r\000i\000p\000t\000:\000\040\000P\0002\000P\000K\000H\000\040\000v\000s\000\040\000P\0002\000W\000P\000K\000H}{chapter.5}% 57
\BOOKMARK [1][-]{section.5.8}{\376\377\0005\000.\0008\000\040\000F\000u\000r\000t\000h\000e\000r\000\040\000R\000e\000a\000d\000i\000n\000g}{chapter.5}% 58
\BOOKMARK [0][]{chapter.6}{\376\377\0006\000\040\000R\000u\000s\000t\000\040\000B\000l\000o\000c\000k\000c\000h\000a\000i\000n\000\040\000P\000r\000o\000j\000e\000c\000t}{part.1}% 59
\BOOKMARK [1][-]{section.6.1}{\376\377\0006\000.\0001\000\040\000B\000e\000f\000o\000r\000e\000\040\000W\000e\000\040\000S\000t\000a\000r\000t\000:\000\040\000C\000l\000o\000n\000e\000\040\000t\000h\000e\000\040\000R\000e\000p\000o\000s\000i\000t\000o\000r\000y}{chapter.6}% 60
\BOOKMARK [1][-]{section.6.2}{\376\377\0006\000.\0002\000\040\000H\000o\000w\000\040\000t\000o\000\040\000U\000s\000e\000\040\000T\000h\000i\000s\000\040\000C\000h\000a\000p\000t\000e\000r}{chapter.6}% 61
\BOOKMARK [1][-]{section.6.3}{\376\377\0006\000.\0003\000\040\000R\000u\000s\000t\000\040\000R\000e\000f\000r\000e\000s\000h\000e\000r}{chapter.6}% 62
\BOOKMARK [1][-]{section.6.4}{\376\377\0006\000.\0004\000\040\000G\000u\000i\000d\000e\000d\000\040\000T\000o\000u\000r\000\040\000\050\000R\000e\000c\000o\000m\000m\000e\000n\000d\000e\000d\000\040\000R\000e\000a\000d\000i\000n\000g\000\040\000O\000r\000d\000e\000r\000\051}{chapter.6}% 63
\BOOKMARK [1][-]{section.6.5}{\376\377\0006\000.\0005\000\040\000A\000\040\000S\000m\000a\000l\000l\000\040\000E\000x\000e\000r\000c\000i\000s\000e}{chapter.6}% 64
\BOOKMARK [1][-]{section.6.6}{\376\377\0006\000.\0006\000\040\000F\000u\000r\000t\000h\000e\000r\000\040\000R\000e\000a\000d\000i\000n\000g}{chapter.6}% 65
\BOOKMARK [0][]{chapter.7}{\376\377\0007\000\040\000P\000r\000i\000m\000i\000t\000i\000v\000e\000s}{part.1}% 66
\BOOKMARK [1][-]{section.7.1}{\376\377\0007\000.\0001\000\040\000O\000v\000e\000r\000v\000i\000e\000w}{chapter.7}% 67
\BOOKMARK [1][-]{section.7.2}{\376\377\0007\000.\0002\000\040\000B\000l\000o\000c\000k\000\040\000S\000t\000r\000u\000c\000t\000u\000r\000e}{chapter.7}% 68
\BOOKMARK [1][-]{section.7.3}{\376\377\0007\000.\0003\000\040\000T\000r\000a\000n\000s\000a\000c\000t\000i\000o\000n\000\040\000S\000t\000r\000u\000c\000t\000u\000r\000e}{chapter.7}% 69
\BOOKMARK [1][-]{section.7.4}{\376\377\0007\000.\0004\000\040\000B\000l\000o\000c\000k\000c\000h\000a\000i\000n\000\040\000S\000t\000r\000u\000c\000t\000u\000r\000e}{chapter.7}% 70
\BOOKMARK [1][-]{section.7.5}{\376\377\0007\000.\0005\000\040\000D\000e\000s\000i\000g\000n\000\040\000D\000e\000c\000i\000s\000i\000o\000n\000s}{chapter.7}% 71
\BOOKMARK [1][-]{section.7.6}{\376\377\0007\000.\0006\000\040\000T\000r\000a\000n\000s\000a\000c\000t\000i\000o\000n\000\040\000I\000D\000\040\000F\000o\000r\000m\000a\000t}{chapter.7}% 72
\BOOKMARK [1][-]{section.7.7}{\376\377\0007\000.\0007\000\040\000C\000o\000d\000e\000\040\000E\000x\000a\000m\000p\000l\000e\000s}{chapter.7}% 73
\BOOKMARK [1][-]{section.7.8}{\376\377\0007\000.\0008\000\040\000R\000e\000l\000a\000t\000i\000o\000n\000s\000h\000i\000p\000\040\000t\000o\000\040\000B\000i\000t\000c\000o\000i\000n\000\040\000C\000o\000r\000e}{chapter.7}% 74
\BOOKMARK [0][]{chapter.8}{\376\377\0008\000\040\000U\000t\000i\000l\000i\000t\000i\000e\000s}{part.1}% 75
\BOOKMARK [1][-]{section.8.1}{\376\377\0008\000.\0001\000\040\000W\000h\000y\000\040\000u\000t\000i\000l\000i\000t\000i\000e\000s\000\040\000m\000a\000t\000t\000e\000r\000\040\000i\000n\000\040\000a\000\040\000B\000i\000t\000c\000o\000i\000n\000\040\000i\000m\000p\000l\000e\000m\000e\000n\000t\000a\000t\000i\000o\000n}{chapter.8}% 76
\BOOKMARK [1][-]{section.8.2}{\376\377\0008\000.\0002\000\040\000M\000o\000d\000u\000l\000e\000\040\000w\000i\000r\000i\000n\000g\000:\000\040\000u\000t\000i\000l\000/\000m\000o\000d\000.\000r\000s}{chapter.8}% 77
\BOOKMARK [1][-]{section.8.3}{\376\377\0008\000.\0003\000\040\000T\000i\000m\000e\000s\000t\000a\000m\000p\000\040\000u\000t\000i\000l\000i\000t\000y\000:\000\040\000c\000u\000r\000r\000e\000n\000t\000\137\000t\000i\000m\000e\000s\000t\000a\000m\000p\000\050\000\051}{chapter.8}% 78
\BOOKMARK [1][-]{section.8.4}{\376\377\0008\000.\0004\000\040\000F\000u\000n\000c\000t\000i\000o\000n\000a\000l\000\040\000h\000e\000l\000p\000e\000r\000s\000:\000\040\000f\000u\000n\000c\000t\000i\000o\000n\000a\000l\000\137\000o\000p\000e\000r\000a\000t\000i\000o\000n\000s\000.\000r\000s}{chapter.8}% 79
\BOOKMARK [1][-]{section.8.5}{\376\377\0008\000.\0005\000\040\000R\000e\000l\000a\000t\000e\000d\000\040\000s\000e\000c\000t\000i\000o\000n\000s}{chapter.8}% 80
\BOOKMARK [1][-]{section.8.6}{\376\377\0008\000.\0006\000\040\000E\000x\000e\000r\000c\000i\000s\000e\000s}{chapter.8}% 81
\BOOKMARK [1][-]{section.8.7}{\376\377\0008\000.\0007\000\040\000F\000u\000r\000t\000h\000e\000r\000\040\000R\000e\000a\000d\000i\000n\000g}{chapter.8}% 82
\BOOKMARK [0][]{chapter.9}{\376\377\0009\000\040\000C\000r\000y\000p\000t\000o\000g\000r\000a\000p\000h\000y}{part.1}% 83
\BOOKMARK [1][-]{section.9.1}{\376\377\0009\000.\0001\000\040\000M\000o\000d\000u\000l\000e\000\040\000S\000t\000r\000u\000c\000t\000u\000r\000e\000\040\000a\000n\000d\000\040\000D\000e\000s\000i\000g\000n}{chapter.9}% 84
\BOOKMARK [1][-]{section.9.2}{\376\377\0009\000.\0002\000\040\000H\000a\000s\000h\000\040\000F\000u\000n\000c\000t\000i\000o\000n\000s\000:\000\040\000S\000H\000A\000-\0002\0005\0006\000\040\000f\000o\000r\000\040\000I\000d\000e\000n\000t\000i\000f\000i\000e\000r\000s\000\040\000a\000n\000d\000\040\000P\000r\000o\000o\000f\000-\000o\000f\000-\000W\000o\000r\000k}{chapter.9}% 85
\BOOKMARK [1][-]{section.9.3}{\376\377\0009\000.\0003\000\040\000D\000i\000g\000i\000t\000a\000l\000\040\000S\000i\000g\000n\000a\000t\000u\000r\000e\000s\000:\000\040\000T\000r\000a\000n\000s\000a\000c\000t\000i\000o\000n\000\040\000A\000u\000t\000h\000o\000r\000i\000z\000a\000t\000i\000o\000n}{chapter.9}% 86
\BOOKMARK [1][-]{section.9.4}{\376\377\0009\000.\0004\000\040\000K\000e\000y\000\040\000P\000a\000i\000r\000\040\000G\000e\000n\000e\000r\000a\000t\000i\000o\000n\000:\000\040\000S\000e\000c\000u\000r\000e\000\040\000K\000e\000y\000\040\000M\000a\000n\000a\000g\000e\000m\000e\000n\000t}{chapter.9}% 87
\BOOKMARK [1][-]{section.9.5}{\376\377\0009\000.\0005\000\040\000A\000d\000d\000r\000e\000s\000s\000\040\000E\000n\000c\000o\000d\000i\000n\000g\000:\000\040\000B\000a\000s\000e\0005\0008\000C\000h\000e\000c\000k\000\040\000f\000o\000r\000\040\000H\000u\000m\000a\000n\000-\000R\000e\000a\000d\000a\000b\000l\000e\000\040\000A\000d\000d\000r\000e\000s\000s\000e\000s}{chapter.9}% 88
\BOOKMARK [1][-]{section.9.6}{\376\377\0009\000.\0006\000\040\000S\000e\000c\000u\000r\000i\000t\000y\000\040\000a\000n\000d\000\040\000P\000e\000r\000f\000o\000r\000m\000a\000n\000c\000e\000\040\000C\000o\000n\000s\000i\000d\000e\000r\000a\000t\000i\000o\000n\000s}{chapter.9}% 89
\BOOKMARK [0][]{chapter*.216}{\376\377\000B\000i\000b\000l\000i\000o\000g\000r\000a\000p\000h\000y}{part.1}% 90
\BOOKMARK [0][]{chapter.10}{\376\377\0001\0000\000\040\000C\000h\000a\000i\000n\000:\000\040\000D\000o\000m\000a\000i\000n\000\040\000M\000o\000d\000e\000l}{part.1}% 91
\BOOKMARK [1][-]{section.10.1}{\376\377\0001\0000\000.\0001\000\040\000W\000h\000i\000t\000e\000p\000a\000p\000e\000r\000\040\000T\000e\000r\000m\000\040\041\222\000\040\000R\000u\000s\000t\000\040\000T\000y\000p\000e\000\040\000M\000a\000p}{chapter.10}% 92
\BOOKMARK [1][-]{section.10.2}{\376\377\0001\0000\000.\0002\000\040\000D\000o\000m\000a\000i\000n\000\040\000O\000b\000j\000e\000c\000t\000\040\000D\000i\000a\000g\000r\000a\000m\000s}{chapter.10}% 93
\BOOKMARK [1][-]{section.10.3}{\376\377\0001\0000\000.\0003\000\040\000K\000e\000y\000\040\000C\000o\000d\000e\000\040\000R\000e\000a\000d\000i\000n\000g\000\040\000C\000h\000e\000c\000k\000l\000i\000s\000t}{chapter.10}% 94
\BOOKMARK [1][-]{section.10.4}{\376\377\0001\0000\000.\0004\000\040\000S\000t\000e\000p\000-\000b\000y\000-\000S\000t\000e\000p\000\040\000C\000o\000d\000e\000\040\000W\000a\000l\000k\000t\000h\000r\000o\000u\000g\000h}{chapter.10}% 95
\BOOKMARK [0][]{chapter.11}{\376\377\0001\0001\000\040\000C\000h\000a\000i\000n\000:\000\040\000B\000l\000o\000c\000k\000c\000h\000a\000i\000n\000\040\000S\000t\000a\000t\000e\000\040\000M\000a\000n\000a\000g\000e\000m\000e\000n\000t}{part.1}% 96
\BOOKMARK [1][-]{section.11.1}{\376\377\0001\0001\000.\0001\000\040\000S\000c\000o\000p\000e\000\040\000a\000n\000d\000\040\000K\000e\000y\000\040\000E\000n\000t\000r\000y\000\040\000P\000o\000i\000n\000t\000s}{chapter.11}% 97
\BOOKMARK [1][-]{section.11.2}{\376\377\0001\0001\000.\0002\000\040\000A\000r\000c\000h\000i\000t\000e\000c\000t\000u\000r\000e\000:\000\040\000S\000h\000a\000r\000e\000d\000\040\000C\000h\000a\000i\000n\000\040\000A\000P\000I\000\040\000U\000s\000e\000d\000\040\000b\000y\000\040\000N\000o\000d\000e\000\040\000a\000n\000d\000\040\000W\000e\000b\000\040\000L\000a\000y\000e\000r\000s}{chapter.11}% 98
\BOOKMARK [1][-]{section.11.3}{\376\377\0001\0001\000.\0003\000\040\000S\000t\000e\000p\000\040\0001\000:\000\040\000T\000h\000e\000\040\000c\000h\000a\000i\000n\000/\000\040\000M\000o\000d\000u\000l\000e\000\040\000E\000x\000p\000o\000r\000t\000s\000\040\000\050\000P\000u\000b\000l\000i\000c\000\040\000A\000P\000I\000\040\000B\000o\000u\000n\000d\000a\000r\000y\000\051}{chapter.11}% 99
\BOOKMARK [1][-]{section.11.4}{\376\377\0001\0001\000.\0004\000\040\000S\000t\000e\000p\000\040\0002\000:\000\040\000T\000h\000e\000\040\000F\000a\000\347\000a\000d\000e\000\040\000T\000y\000p\000e\000\040\000\050\000B\000l\000o\000c\000k\000c\000h\000a\000i\000n\000S\000e\000r\000v\000i\000c\000e\000\051}{chapter.11}% 100
\BOOKMARK [1][-]{section.11.5}{\376\377\0001\0001\000.\0005\000\040\000S\000t\000e\000p\000\040\0003\000:\000\040\000R\000e\000a\000d\000\040\000H\000e\000l\000p\000e\000r\000\040\000\050\000S\000h\000a\000r\000e\000d\000\040\000L\000o\000c\000k\000\040\000P\000a\000t\000t\000e\000r\000n\000\051}{chapter.11}% 101
\BOOKMARK [1][-]{section.11.6}{\376\377\0001\0001\000.\0006\000\040\000S\000t\000e\000p\000\040\0004\000:\000\040\000W\000r\000i\000t\000e\000\040\000L\000o\000c\000k\000\040\000B\000o\000u\000n\000d\000a\000r\000y\000\040\000\050\000A\000d\000d\000i\000n\000g\000\040\000a\000\040\000B\000l\000o\000c\000k\000\051}{chapter.11}% 102
\BOOKMARK [1][-]{section.11.7}{\376\377\0001\0001\000.\0007\000\040\000S\000t\000e\000p\000\040\0005\000:\000\040\000M\000i\000n\000i\000n\000g\000\040\000I\000s\000\040\000A\000l\000s\000o\000\040\000a\000\040\000W\000r\000i\000t\000e\000\040\000P\000a\000t\000h\000\040\000\050\000W\000i\000t\000h\000\040\000D\000o\000u\000b\000l\000e\000-\000V\000a\000l\000i\000d\000a\000t\000i\000o\000n\000\051}{chapter.11}% 103
\BOOKMARK [1][-]{section.11.8}{\376\377\0001\0001\000.\0008\000\040\000S\000t\000e\000p\000\040\0006\000:\000\040\000D\000e\000r\000i\000v\000e\000d\000-\000S\000t\000a\000t\000e\000\040\000U\000p\000d\000a\000t\000e\000s\000\040\000\050\000U\000T\000X\000O\000\040\000S\000e\000t\000\051}{chapter.11}% 104
\BOOKMARK [1][-]{section.11.9}{\376\377\0001\0001\000.\0009\000\040\000S\000u\000m\000m\000a\000r\000y}{chapter.11}% 105
\BOOKMARK [0][]{chapter.12}{\376\377\0001\0002\000\040\000C\000h\000a\000i\000n\000:\000\040\000C\000h\000a\000i\000n\000\040\000S\000t\000a\000t\000e\000\040\000a\000n\000d\000\040\000S\000t\000o\000r\000a\000g\000e}{part.1}% 106
\BOOKMARK [1][-]{section.12.1}{\376\377\0001\0002\000.\0001\000\040\000S\000t\000a\000t\000u\000s\000\040\000R\000e\000a\000d\000\040\000a\000n\000d\000\040\000A\000p\000p\000e\000n\000d\000-\000B\000l\000o\000c\000k\000\040\000W\000r\000i\000t\000e\000\040\000E\000n\000t\000r\000y\000\040\000P\000o\000i\000n\000t\000s}{chapter.12}% 107
\BOOKMARK [1][-]{section.12.2}{\376\377\0001\0002\000.\0002\000\040\000H\000e\000i\000g\000h\000t\000\040\000R\000e\000a\000d\000:\000\040\000T\000h\000e\000\040\000S\000h\000a\000r\000e\000d\000-\000L\000o\000c\000k\000\040\000P\000a\000t\000t\000e\000r\000n\000\040\000T\000h\000r\000o\000u\000g\000h\000\040\000S\000t\000o\000r\000a\000g\000e}{chapter.12}% 108
\BOOKMARK [1][-]{section.12.3}{\376\377\0001\0002\000.\0003\000\040\000T\000i\000p\000-\000B\000l\000o\000c\000k\000\040\000R\000e\000a\000d\000:\000\040\000C\000a\000c\000h\000e\000\040\000T\000h\000e\000n\000\040\000L\000o\000o\000k\000u\000p}{chapter.12}% 109
\BOOKMARK [1][-]{section.12.4}{\376\377\0001\0002\000.\0004\000\040\000W\000h\000e\000r\000e\000\040\000C\000h\000a\000i\000n\000\040\000S\000t\000a\000t\000e\000\040\000L\000i\000v\000e\000s\000:\000\040\000T\000h\000e\000\040\000S\000t\000o\000r\000a\000g\000e\000\040\000C\000o\000n\000t\000a\000i\000n\000e\000r}{chapter.12}% 110
\BOOKMARK [1][-]{section.12.5}{\376\377\0001\0002\000.\0005\000\040\000C\000r\000e\000a\000t\000e\000\040\000a\000n\000d\000\040\000O\000p\000e\000n\000:\000\040\000B\000o\000o\000t\000s\000t\000r\000a\000p\000\040\000v\000s\000.\000\040\000R\000e\000o\000p\000e\000n}{chapter.12}% 111
\BOOKMARK [1][-]{section.12.6}{\376\377\0001\0002\000.\0006\000\040\000A\000t\000o\000m\000i\000c\000\040\000P\000e\000r\000s\000i\000s\000t\000e\000n\000c\000e\000\040\000U\000n\000i\000t\000:\000\040\000B\000l\000o\000c\000k\000\040\000B\000y\000t\000e\000s\000\040\000+\000\040\000T\000i\000p\000\040\000K\000e\000y}{chapter.12}% 112
\BOOKMARK [1][-]{section.12.7}{\376\377\0001\0002\000.\0007\000\040\000M\000i\000n\000i\000n\000g\000\040\000B\000o\000u\000n\000d\000a\000r\000y\000:\000\040\000A\000p\000p\000e\000n\000d\000\040\000B\000l\000o\000c\000k\000\040\000v\000i\000a\000\040\000L\000o\000c\000a\000l\000\040\000M\000i\000n\000i\000n\000g}{chapter.12}% 113
\BOOKMARK [1][-]{section.12.8}{\376\377\0001\0002\000.\0008\000\040\000C\000h\000a\000i\000n\000\040\000I\000t\000e\000r\000a\000t\000i\000o\000n\000:\000\040\000W\000a\000l\000k\000i\000n\000g\000\040\000B\000a\000c\000k\000w\000a\000r\000d\000\040\000f\000r\000o\000m\000\040\000T\000i\000p\000\040\000t\000o\000\040\000G\000e\000n\000e\000s\000i\000s}{chapter.12}% 114
\BOOKMARK [1][-]{section.12.9}{\376\377\0001\0002\000.\0009\000\040\000N\000e\000t\000w\000o\000r\000k\000\040\000I\000n\000s\000e\000r\000t\000i\000o\000n\000:\000\040\000A\000d\000d\000\040\000B\000l\000o\000c\000k\000\040\000f\000r\000o\000m\000\040\000P\000e\000e\000r}{chapter.12}% 115
\BOOKMARK [1][-]{section.12.10}{\376\377\0001\0002\000.\0001\0000\000\040\000S\000u\000m\000m\000a\000r\000y}{chapter.12}% 116
\BOOKMARK [0][]{chapter.13}{\376\377\0001\0003\000\040\000C\000h\000a\000i\000n\000:\000\040\000U\000T\000X\000O\000\040\000S\000e\000t}{part.1}% 117
\BOOKMARK [1][-]{section.13.1}{\376\377\0001\0003\000.\0001\000\040\000S\000t\000o\000r\000a\000g\000e\000\040\000L\000a\000y\000o\000u\000t\000\040\000i\000n\000\040\000s\000l\000e\000d}{chapter.13}% 118
\BOOKMARK [1][-]{section.13.2}{\376\377\0001\0003\000.\0002\000\040\000C\000o\000r\000e\000\040\000D\000a\000t\000a\000\040\000T\000y\000p\000e\000s\000:\000\040\000T\000X\000I\000n\000p\000u\000t\000\040\000a\000n\000d\000\040\000T\000X\000O\000u\000t\000p\000u\000t}{chapter.13}% 119
\BOOKMARK [1][-]{section.13.3}{\376\377\0001\0003\000.\0003\000\040\000C\000o\000i\000n\000\040\000S\000e\000l\000e\000c\000t\000i\000o\000n\000:\000\040\000F\000i\000n\000d\000i\000n\000g\000\040\000S\000p\000e\000n\000d\000a\000b\000l\000e\000\040\000O\000u\000t\000p\000u\000t\000s}{chapter.13}% 120
\BOOKMARK [1][-]{section.13.4}{\376\377\0001\0003\000.\0004\000\040\000T\000r\000a\000n\000s\000a\000c\000t\000i\000o\000n\000\040\000C\000o\000n\000s\000t\000r\000u\000c\000t\000i\000o\000n\000\040\000U\000s\000i\000n\000g\000\040\000S\000e\000l\000e\000c\000t\000e\000d\000\040\000O\000u\000t\000p\000u\000t\000s}{chapter.13}% 121
\BOOKMARK [1][-]{section.13.5}{\376\377\0001\0003\000.\0005\000\040\000U\000p\000d\000a\000t\000i\000n\000g\000\040\000A\000f\000t\000e\000r\000\040\000a\000\040\000B\000l\000o\000c\000k\000\040\000\050\000B\000l\000o\000c\000k\000\040\000C\000o\000n\000n\000e\000c\000t\000\051}{chapter.13}% 122
\BOOKMARK [1][-]{section.13.6}{\376\377\0001\0003\000.\0006\000\040\000R\000o\000l\000l\000b\000a\000c\000k\000:\000\040\000D\000i\000s\000c\000o\000n\000n\000e\000c\000t\000i\000n\000g\000\040\000a\000\040\000B\000l\000o\000c\000k\000\040\000\050\000R\000e\000o\000r\000g\000\040\000S\000u\000p\000p\000o\000r\000t\000\051}{chapter.13}% 123
\BOOKMARK [1][-]{section.13.7}{\376\377\0001\0003\000.\0007\000\040\000B\000a\000l\000a\000n\000c\000e\000\040\000a\000n\000d\000\040\000U\000T\000X\000O\000\040\000Q\000u\000e\000r\000i\000e\000s}{chapter.13}% 124
\BOOKMARK [1][-]{section.13.8}{\376\377\0001\0003\000.\0008\000\040\000S\000u\000m\000m\000a\000r\000y}{chapter.13}% 125
\BOOKMARK [0][]{chapter.14}{\376\377\0001\0004\000\040\000C\000h\000a\000i\000n\000:\000\040\000T\000r\000a\000n\000s\000a\000c\000t\000i\000o\000n\000\040\000L\000i\000f\000e\000c\000y\000c\000l\000e}{part.1}% 126
\BOOKMARK [1][-]{section.14.1}{\376\377\0001\0004\000.\0001\000\040\000O\000v\000e\000r\000v\000i\000e\000w\000:\000\040\000T\000h\000e\000\040\000C\000o\000m\000p\000l\000e\000t\000e\000\040\000T\000r\000a\000n\000s\000a\000c\000t\000i\000o\000n\000\040\000J\000o\000u\000r\000n\000e\000y}{chapter.14}% 127
\BOOKMARK [1][-]{section.14.2}{\376\377\0001\0004\000.\0002\000\040\000S\000t\000e\000p\000\040\0001\000:\000\040\000E\000n\000t\000r\000y\000\040\000P\000o\000i\000n\000t\000\040\040\024\000\040\000T\000o\000p\000-\000L\000e\000v\000e\000l\000\040\000S\000e\000n\000d\000\040\000P\000a\000y\000m\000e\000n\000t}{chapter.14}% 128
\BOOKMARK [1][-]{section.14.3}{\376\377\0001\0004\000.\0003\000\040\000S\000t\000e\000p\000\040\0002\000:\000\040\000C\000o\000n\000s\000t\000r\000u\000c\000t\000\040\000a\000\040\000S\000p\000e\000n\000d\000i\000n\000g\000\040\000T\000r\000a\000n\000s\000a\000c\000t\000i\000o\000n}{chapter.14}% 129
\BOOKMARK [1][-]{section.14.4}{\376\377\0001\0004\000.\0004\000\040\000S\000t\000e\000p\000\040\0003\000:\000\040\000S\000i\000g\000n\000\040\000a\000n\000d\000\040\000V\000e\000r\000i\000f\000y\000\040\000\050\000T\000r\000i\000m\000m\000e\000d\000\040\000C\000o\000p\000y\000\040\000P\000a\000t\000t\000e\000r\000n\000\051}{chapter.14}% 130
\BOOKMARK [1][-]{section.14.5}{\376\377\0001\0004\000.\0005\000\040\000S\000t\000e\000p\000\040\0004\000:\000\040\000A\000c\000c\000e\000p\000t\000\040\000i\000n\000t\000o\000\040\000M\000e\000m\000p\000o\000o\000l\000\040\000a\000n\000d\000\040\000S\000p\000a\000w\000n\000\040\000B\000a\000c\000k\000g\000r\000o\000u\000n\000d\000\040\000W\000o\000r\000k}{chapter.14}% 131
\BOOKMARK [1][-]{section.14.6}{\376\377\0001\0004\000.\0006\000\040\000S\000t\000e\000p\000\040\0005\000:\000\040\000M\000e\000m\000p\000o\000o\000l\000\040\000I\000n\000t\000e\000r\000n\000a\000l\000s}{chapter.14}% 132
\BOOKMARK [1][-]{section.14.7}{\376\377\0001\0004\000.\0007\000\040\000S\000t\000e\000p\000\040\0006\000:\000\040\000P\000r\000o\000p\000a\000g\000a\000t\000i\000o\000n\000\040\000a\000n\000d\000\040\000M\000i\000n\000i\000n\000g\000\040\000T\000r\000i\000g\000g\000e\000r}{chapter.14}% 133
\BOOKMARK [1][-]{section.14.8}{\376\377\0001\0004\000.\0008\000\040\000S\000t\000e\000p\000\040\0007\000:\000\040\000M\000i\000n\000i\000n\000g\000\040\000B\000o\000u\000n\000d\000a\000r\000y\000\040\040\024\000\040\000D\000e\000f\000e\000n\000s\000i\000v\000e\000\040\000V\000e\000r\000i\000f\000i\000c\000a\000t\000i\000o\000n}{chapter.14}% 134
\BOOKMARK [1][-]{section.14.9}{\376\377\0001\0004\000.\0009\000\040\000S\000t\000e\000p\000\040\0008\000:\000\040\000M\000i\000n\000i\000n\000g\000\040\000T\000r\000i\000g\000g\000e\000r\000\040\000E\000n\000t\000r\000y\000\040\000P\000o\000i\000n\000t\000s}{chapter.14}% 135
\BOOKMARK [1][-]{section.14.10}{\376\377\0001\0004\000.\0001\0000\000\040\000S\000u\000m\000m\000a\000r\000y}{chapter.14}% 136
\BOOKMARK [0][]{chapter.15}{\376\377\0001\0005\000\040\000C\000h\000a\000i\000n\000:\000\040\000B\000l\000o\000c\000k\000\040\000L\000i\000f\000e\000c\000y\000c\000l\000e\000\040\000a\000n\000d\000\040\000M\000i\000n\000i\000n\000g}{part.1}% 137
\BOOKMARK [1][-]{section.15.1}{\376\377\0001\0005\000.\0001\000\040\000S\000c\000o\000p\000e}{chapter.15}% 138
\BOOKMARK [1][-]{section.15.2}{\376\377\0001\0005\000.\0002\000\040\000R\000e\000a\000d\000e\000r\000\040\000P\000r\000o\000m\000i\000s\000e}{chapter.15}% 139
\BOOKMARK [1][-]{section.15.3}{\376\377\0001\0005\000.\0003\000\040\000B\000l\000o\000c\000k\000\040\000L\000i\000f\000e\000c\000y\000c\000l\000e\000\040\000a\000t\000\040\000a\000\040\000G\000l\000a\000n\000c\000e\000\040\000\050\000T\000w\000o\000\040\000Z\000o\000o\000m\000\040\000L\000e\000v\000e\000l\000s\000\051}{chapter.15}% 140
\BOOKMARK [1][-]{section.15.4}{\376\377\0001\0005\000.\0004\000\040\000W\000h\000i\000t\000e\000p\000a\000p\000e\000r\000\040\000C\000o\000n\000n\000e\000c\000t\000i\000o\000n\000s}{chapter.15}% 141
\BOOKMARK [1][-]{section.15.5}{\376\377\0001\0005\000.\0005\000\040\000S\000t\000e\000p\000-\000b\000y\000-\000S\000t\000e\000p\000\040\000C\000o\000d\000e\000\040\000W\000a\000l\000k\000t\000h\000r\000o\000u\000g\000h}{chapter.15}% 142
\BOOKMARK [1][-]{section.15.6}{\376\377\0001\0005\000.\0006\000\040\000S\000u\000m\000m\000a\000r\000y}{chapter.15}% 143
\BOOKMARK [0][]{chapter.16}{\376\377\0001\0006\000\040\000C\000h\000a\000i\000n\000:\000\040\000C\000o\000n\000s\000e\000n\000s\000u\000s\000\040\000a\000n\000d\000\040\000V\000a\000l\000i\000d\000a\000t\000i\000o\000n}{part.1}% 144
\BOOKMARK [1][-]{section.16.1}{\376\377\0001\0006\000.\0001\000\040\000S\000c\000o\000p\000e}{chapter.16}% 145
\BOOKMARK [1][-]{section.16.2}{\376\377\0001\0006\000.\0002\000\040\000C\000o\000n\000c\000e\000p\000t\000u\000a\000l\000\040\000M\000o\000d\000e\000l\000:\000\040\000W\000h\000a\000t\000\040\000`\000`\000C\000o\000n\000s\000e\000n\000s\000u\000s\000'\000'\000\040\000M\000e\000a\000n\000s}{chapter.16}% 146
\BOOKMARK [1][-]{section.16.3}{\376\377\0001\0006\000.\0003\000\040\000A\000c\000c\000e\000p\000t\000a\000n\000c\000e\000\040\000B\000o\000u\000n\000d\000a\000r\000y\000\040\000D\000i\000a\000g\000r\000a\000m}{chapter.16}% 147
\BOOKMARK [1][-]{section.16.4}{\376\377\0001\0006\000.\0004\000\040\000T\000r\000a\000n\000s\000a\000c\000t\000i\000o\000n\000\040\000V\000a\000l\000i\000d\000a\000t\000i\000o\000n\000\040\000\050\000S\000i\000g\000n\000a\000t\000u\000r\000e\000\040\000V\000e\000r\000i\000f\000i\000c\000a\000t\000i\000o\000n\000\051}{chapter.16}% 148
\BOOKMARK [1][-]{section.16.5}{\376\377\0001\0006\000.\0005\000\040\000P\000r\000o\000o\000f\000-\000o\000f\000-\000W\000o\000r\000k\000\040\000a\000n\000d\000\040\000B\000l\000o\000c\000k\000\040\000C\000o\000n\000s\000t\000r\000u\000c\000t\000i\000o\000n}{chapter.16}% 149
\BOOKMARK [1][-]{section.16.6}{\376\377\0001\0006\000.\0006\000\040\000B\000l\000o\000c\000k\000\040\000A\000c\000c\000e\000p\000t\000a\000n\000c\000e\000\040\000a\000n\000d\000\040\000F\000o\000r\000k\000\040\000C\000h\000o\000i\000c\000e}{chapter.16}% 150
\BOOKMARK [1][-]{section.16.7}{\376\377\0001\0006\000.\0007\000\040\000D\000o\000u\000b\000l\000e\000-\000S\000p\000e\000n\000d\000i\000n\000g\000:\000\040\000T\000h\000e\000\040\000C\000o\000r\000e\000\040\000P\000r\000o\000t\000e\000c\000t\000i\000o\000n}{chapter.16}% 151
\BOOKMARK [1][-]{section.16.8}{\376\377\0001\0006\000.\0008\000\040\000S\000i\000m\000p\000l\000i\000f\000i\000c\000a\000t\000i\000o\000n\000s\000\040\000a\000n\000d\000\040\000M\000i\000s\000s\000i\000n\000g\000\040\000F\000e\000a\000t\000u\000r\000e\000s}{chapter.16}% 152
\BOOKMARK [1][-]{section.16.9}{\376\377\0001\0006\000.\0009\000\040\000R\000e\000o\000r\000g\000a\000n\000i\000z\000a\000t\000i\000o\000n\000s\000\040\000a\000n\000d\000\040\000C\000h\000a\000i\000n\000\040\000R\000e\000w\000r\000i\000t\000i\000n\000g}{chapter.16}% 153
\BOOKMARK [1][-]{section.16.10}{\376\377\0001\0006\000.\0001\0000\000\040\000M\000u\000l\000t\000i\000-\000N\000o\000d\000e\000\040\000C\000o\000n\000s\000e\000n\000s\000u\000s}{chapter.16}% 154
\BOOKMARK [1][-]{section.16.11}{\376\377\0001\0006\000.\0001\0001\000\040\000W\000h\000i\000t\000e\000p\000a\000p\000e\000r\000\040\000C\000o\000n\000n\000e\000c\000t\000i\000o\000n\000s}{chapter.16}% 155
\BOOKMARK [1][-]{section.16.12}{\376\377\0001\0006\000.\0001\0002\000\040\000S\000u\000m\000m\000a\000r\000y}{chapter.16}% 156
\BOOKMARK [0][]{chapter.17}{\376\377\0001\0007\000\040\000C\000h\000a\000i\000n\000:\000\040\000N\000o\000d\000e\000\040\000O\000r\000c\000h\000e\000s\000t\000r\000a\000t\000i\000o\000n}{part.1}% 157
\BOOKMARK [1][-]{section.17.1}{\376\377\0001\0007\000.\0001\000\040\000W\000h\000a\000t\000\040\000I\000s\000\040\000a\000\040\000N\000o\000d\000e\000?}{chapter.17}% 158
\BOOKMARK [1][-]{section.17.2}{\376\377\0001\0007\000.\0002\000\040\000N\000o\000d\000e\000\040\000O\000r\000c\000h\000e\000s\000t\000r\000a\000t\000i\000o\000n}{chapter.17}% 159
\BOOKMARK [1][-]{section.17.3}{\376\377\0001\0007\000.\0003\000\040\000S\000c\000o\000p\000e}{chapter.17}% 160
\BOOKMARK [1][-]{section.17.4}{\376\377\0001\0007\000.\0004\000\040\000R\000u\000n\000t\000i\000m\000e\000\040\000E\000v\000e\000n\000t\000\040\000F\000l\000o\000w\000\040\000D\000i\000a\000g\000r\000a\000m}{chapter.17}% 161
\BOOKMARK [1][-]{section.17.5}{\376\377\0001\0007\000.\0005\000\040\000N\000o\000d\000e\000\040\000A\000r\000c\000h\000i\000t\000e\000c\000t\000u\000r\000e\000\040\000a\000t\000\040\000a\000\040\000G\000l\000a\000n\000c\000e}{chapter.17}% 162
\BOOKMARK [1][-]{section.17.6}{\376\377\0001\0007\000.\0006\000\040\000C\000o\000n\000c\000r\000e\000t\000e\000\040\000E\000x\000a\000m\000p\000l\000e\000\040\000F\000l\000o\000w\000s}{chapter.17}% 163
\BOOKMARK [1][-]{section.17.7}{\376\377\0001\0007\000.\0007\000\040\000S\000t\000e\000p\000-\000b\000y\000-\000S\000t\000e\000p\000\040\000C\000o\000d\000e\000\040\000W\000a\000l\000k\000t\000h\000r\000o\000u\000g\000h}{chapter.17}% 164
\BOOKMARK [1][-]{section.17.8}{\376\377\0001\0007\000.\0008\000\040\000R\000u\000s\000t\000\040\000C\000o\000n\000c\000e\000p\000t\000s\000\040\000W\000e\000'\000l\000l\000\040\000E\000n\000c\000o\000u\000n\000t\000e\000r}{chapter.17}% 165
\BOOKMARK [1][-]{section.17.9}{\376\377\0001\0007\000.\0009\000\040\000S\000u\000m\000m\000a\000r\000y}{chapter.17}% 166
\BOOKMARK [0][]{chapter.18}{\376\377\0001\0008\000\040\000C\000h\000a\000i\000n\000:\000\040\000T\000r\000a\000n\000s\000a\000c\000t\000i\000o\000n\000\040\000t\000o\000\040\000B\000l\000o\000c\000k}{part.1}% 167
\BOOKMARK [1][-]{section.18.1}{\376\377\0001\0008\000.\0001\000\040\000A\000\040\000P\000r\000a\000c\000t\000i\000c\000a\000l\000\040\000C\000o\000n\000s\000t\000r\000a\000i\000n\000t\000:\000\040\000W\000e\000b\000\040\000a\000n\000d\000\040\000M\000i\000n\000e\000r\000\040\000A\000r\000e\000\040\000S\000e\000p\000a\000r\000a\000t\000e\000\040\000R\000o\000l\000e\000s}{chapter.18}% 168
\BOOKMARK [1][-]{section.18.2}{\376\377\0001\0008\000.\0002\000\040\000D\000i\000a\000g\000r\000a\000m\000:\000\040\000T\000h\000e\000\040\000F\000u\000l\000l\000\040\000P\000i\000p\000e\000l\000i\000n\000e}{chapter.18}% 169
\BOOKMARK [1][-]{section.18.3}{\376\377\0001\0008\000.\0003\000\040\000M\000e\000t\000h\000o\000d\000\040\000I\000n\000d\000e\000x}{chapter.18}% 170
\BOOKMARK [1][-]{section.18.4}{\376\377\0001\0008\000.\0004\000\040\000S\000t\000e\000p\000\040\0001\000\040\040\024\000\040\000T\000h\000e\000\040\000P\000r\000o\000c\000e\000s\000s\000\040\000S\000t\000a\000r\000t\000s}{chapter.18}% 171
\BOOKMARK [1][-]{section.18.5}{\376\377\0001\0008\000.\0005\000\040\000S\000t\000e\000p\000\040\0002\000\040\040\024\000\040\000T\000h\000e\000\040\000P\0002\000P\000\040\000R\000u\000n\000t\000i\000m\000e\000\040\000L\000o\000o\000p}{chapter.18}% 172
\BOOKMARK [1][-]{section.18.6}{\376\377\0001\0008\000.\0006\000\040\000S\000t\000e\000p\000\040\0003\000\040\040\024\000\040\000T\000h\000e\000\040\000H\000T\000T\000P\000\040\000E\000n\000t\000r\000y\000p\000o\000i\000n\000t\000\040\000\050\000N\000o\000d\000e\000\040\000A\000\051}{chapter.18}% 173
\BOOKMARK [1][-]{section.18.7}{\376\377\0001\0008\000.\0007\000\040\000S\000t\000e\000p\000\040\0004\000\040\040\024\000\040\000F\000r\000o\000m\000\040\000S\000e\000n\000d\000\040\000t\000o\000\040\000M\000e\000m\000p\000o\000o\000l\000\040\000A\000c\000c\000e\000p\000t}{chapter.18}% 174
\BOOKMARK [1][-]{section.18.8}{\376\377\0001\0008\000.\0008\000\040\000S\000t\000e\000p\000\040\0005\000\040\040\024\000\040\000P\0002\000P\000\040\000P\000r\000o\000p\000a\000g\000a\000t\000i\000o\000n\000:\000\040\000I\000N\000V\000\040\000-\000>\000\040\000G\000E\000T\000D\000A\000T\000A\000\040\000-\000>\000\040\000T\000X}{chapter.18}% 175
\BOOKMARK [1][-]{section.18.9}{\376\377\0001\0008\000.\0009\000\040\000S\000t\000e\000p\000\040\0006\000\040\040\024\000\040\000M\000i\000n\000i\000n\000g\000:\000\040\000M\000e\000m\000p\000o\000o\000l\000\040\000t\000o\000\040\000B\000l\000o\000c\000k}{chapter.18}% 176
\BOOKMARK [1][-]{section.18.10}{\376\377\0001\0008\000.\0001\0000\000\040\000S\000u\000m\000m\000a\000r\000y}{chapter.18}% 177
\BOOKMARK [0][]{chapter.19}{\376\377\0001\0009\000\040\000B\000l\000o\000c\000k\000\040\000A\000c\000c\000e\000p\000t\000a\000n\000c\000e}{part.1}% 178
\BOOKMARK [1][-]{section.19.1}{\376\377\0001\0009\000.\0001\000\040\000S\000c\000o\000p\000e\000:\000\040\000W\000h\000e\000r\000e\000\040\000S\000t\000e\000p\000\040\0005\000\040\000A\000p\000p\000e\000a\000r\000s\000\040\000i\000n\000\040\000O\000u\000r\000\040\000C\000o\000d\000e\000b\000a\000s\000e}{chapter.19}% 179
\BOOKMARK [1][-]{section.19.2}{\376\377\0001\0009\000.\0002\000\040\000T\000h\000e\000\040\000R\000u\000n\000t\000i\000m\000e\000\040\000S\000t\000o\000r\000y\000:\000\040\000`\000`\000A\000\040\000B\000l\000o\000c\000k\000\040\000J\000u\000s\000t\000\040\000A\000r\000r\000i\000v\000e\000d\000'\000'}{chapter.19}% 180
\BOOKMARK [1][-]{section.19.3}{\376\377\0001\0009\000.\0003\000\040\000A\000\040\000R\000u\000s\000t\000\040\000M\000e\000n\000t\000a\000l\000\040\000M\000o\000d\000e\000l\000:\000\040\000T\000h\000e\000\040\000A\000c\000c\000e\000p\000t\000a\000n\000c\000e\000\040\000B\000o\000u\000n\000d\000a\000r\000y\000\040\000I\000s\000\040\000a\000n\000\040\000A\000P\000I\000\040\000B\000o\000u\000n\000d\000a\000r\000y}{chapter.19}% 181
\BOOKMARK [1][-]{section.19.4}{\376\377\0001\0009\000.\0004\000\040\000B\000l\000o\000c\000k\000\040\000V\000a\000l\000i\000d\000a\000t\000i\000o\000n\000\040\000P\000i\000p\000e\000l\000i\000n\000e}{chapter.19}% 182
\BOOKMARK [1][-]{section.19.5}{\376\377\0001\0009\000.\0005\000\040\000S\000t\000e\000p\000\040\0005\000,\000\040\000E\000x\000p\000a\000n\000d\000e\000d\000:\000\040\000W\000h\000a\000t\000\040\000`\000`\000V\000a\000l\000i\000d\000'\000'\000\040\000a\000n\000d\000\040\000`\000`\000N\000o\000t\000\040\000A\000l\000r\000e\000a\000d\000y\000\040\000S\000p\000e\000n\000t\000'\000'\000\040\000M\000e\000a\000n}{chapter.19}% 183
\BOOKMARK [1][-]{section.19.6}{\376\377\0001\0009\000.\0006\000\040\000M\000a\000p\000p\000i\000n\000g\000\040\000S\000t\000e\000p\000\040\0005\000\040\000t\000o\000\040\000O\000u\000r\000\040\000R\000e\000p\000o}{chapter.19}% 184
\BOOKMARK [1][-]{section.19.7}{\376\377\0001\0009\000.\0007\000\040\000A\000\040\000C\000o\000n\000c\000r\000e\000t\000e\000\040\000D\000e\000s\000i\000g\000n\000:\000\040\000I\000m\000p\000l\000e\000m\000e\000n\000t\000\040\000`\000`\000V\000a\000l\000i\000d\000a\000t\000e\000\040\041\222\000\040\000C\000o\000n\000n\000e\000c\000t\000'\000'}{chapter.19}% 185
\BOOKMARK [1][-]{section.19.8}{\376\377\0001\0009\000.\0008\000\040\000R\000e\000o\000r\000g\000s\000:\000\040\000S\000t\000e\000p\000\040\0005\000\040\000I\000s\000\040\000N\000o\000t\000\040\000O\000p\000t\000i\000o\000n\000a\000l\000\040\000o\000n\000\040\000t\000h\000e\000\040\000`\000`\000A\000p\000p\000l\000y\000\040\000B\000l\000o\000c\000k\000s\000'\000'\000\040\000P\000a\000t\000h}{chapter.19}% 186
\BOOKMARK [1][-]{section.19.9}{\376\377\0001\0009\000.\0009\000\040\000A\000\040\000P\000r\000a\000c\000t\000i\000c\000a\000l\000\040\000N\000o\000t\000e\000\040\000A\000b\000o\000u\000t\000\040\000U\000T\000X\000O\000\040\000R\000e\000p\000r\000e\000s\000e\000n\000t\000a\000t\000i\000o\000n}{chapter.19}% 187
\BOOKMARK [1][-]{section.19.10}{\376\377\0001\0009\000.\0001\0000\000\040\000C\000o\000n\000c\000l\000u\000s\000i\000o\000n}{chapter.19}% 188
\BOOKMARK [1][-]{section.19.11}{\376\377\0001\0009\000.\0001\0001\000\040\000E\000x\000e\000r\000c\000i\000s\000e\000s}{chapter.19}% 189
\BOOKMARK [0][]{chapter.20}{\376\377\0002\0000\000\040\000S\000t\000o\000r\000a\000g\000e\000\040\000L\000a\000y\000e\000r}{part.1}% 190
\BOOKMARK [1][-]{section.20.1}{\376\377\0002\0000\000.\0001\000\040\000W\000h\000a\000t\000\040\000`\000`\000S\000t\000o\000r\000a\000g\000e\000'\000'\000\040\000M\000e\000a\000n\000s\000\040\000i\000n\000\040\000O\000u\000r\000\040\000R\000u\000s\000t\000\040\000B\000i\000t\000c\000o\000i\000n\000\040\000I\000m\000p\000l\000e\000m\000e\000n\000t\000a\000t\000i\000o\000n}{chapter.20}% 191
\BOOKMARK [1][-]{section.20.2}{\376\377\0002\0000\000.\0002\000\040\000S\000l\000e\000d\000\040\000L\000a\000y\000o\000u\000t\000:\000\040\000T\000h\000e\000\040\000M\000i\000n\000i\000m\000u\000m\000\040\000S\000c\000h\000e\000m\000a}{chapter.20}% 192
\BOOKMARK [1][-]{section.20.3}{\376\377\0002\0000\000.\0003\000\040\000I\000n\000i\000t\000i\000a\000l\000i\000z\000a\000t\000i\000o\000n\000:\000\040\000C\000r\000e\000a\000t\000i\000n\000g\000\040\000o\000r\000\040\000O\000p\000e\000n\000i\000n\000g\000\040\000t\000h\000e\000\040\000D\000B}{chapter.20}% 193
\BOOKMARK [1][-]{section.20.4}{\376\377\0002\0000\000.\0004\000\040\000O\000p\000e\000n\000\040\000E\000x\000i\000s\000t\000i\000n\000g\000\040\000o\000r\000\040\000E\000m\000p\000t\000y\000\040\000B\000l\000o\000c\000k\000c\000h\000a\000i\000n}{chapter.20}% 194
\BOOKMARK [1][-]{section.20.5}{\376\377\0002\0000\000.\0005\000\040\000A\000t\000o\000m\000i\000c\000\040\000S\000t\000o\000r\000a\000g\000e\000\040\000P\000r\000i\000m\000i\000t\000i\000v\000e\000:\000\040\000u\000p\000d\000a\000t\000e\000\137\000b\000l\000o\000c\000k\000s\000\137\000t\000r\000e\000e}{chapter.20}% 195
\BOOKMARK [1][-]{section.20.6}{\376\377\0002\0000\000.\0006\000\040\000T\000i\000p\000\040\000P\000o\000i\000n\000t\000e\000r\000\040\000A\000P\000I}{chapter.20}% 196
\BOOKMARK [1][-]{section.20.7}{\376\377\0002\0000\000.\0007\000\040\000R\000e\000a\000d\000\040\000P\000a\000t\000h\000:\000\040\000H\000e\000i\000g\000h\000t\000,\000\040\000G\000e\000t\000-\000b\000y\000-\000H\000a\000s\000h\000,\000\040\000a\000n\000d\000\040\000I\000n\000v\000e\000n\000t\000o\000r\000y}{chapter.20}% 197
\BOOKMARK [1][-]{section.20.8}{\376\377\0002\0000\000.\0008\000\040\000M\000i\000n\000i\000n\000g\000\040\000W\000r\000i\000t\000e\000\040\000P\000a\000t\000h\000:\000\040\000m\000i\000n\000e\000\137\000b\000l\000o\000c\000k}{chapter.20}% 198
\BOOKMARK [1][-]{section.20.9}{\376\377\0002\0000\000.\0009\000\040\000I\000n\000b\000o\000u\000n\000d\000\040\000W\000r\000i\000t\000e\000\040\000P\000a\000t\000h\000:\000\040\000a\000d\000d\000\137\000b\000l\000o\000c\000k}{chapter.20}% 199
\BOOKMARK [1][-]{section.20.10}{\376\377\0002\0000\000.\0001\0000\000\040\000E\000x\000e\000r\000c\000i\000s\000e\000s}{chapter.20}% 200
\BOOKMARK [1][-]{section.20.11}{\376\377\0002\0000\000.\0001\0001\000\040\000C\000o\000m\000m\000o\000n\000\040\000E\000r\000r\000o\000r\000s}{chapter.20}% 201
\BOOKMARK [0][]{chapter.21}{\376\377\0002\0001\000\040\000N\000e\000t\000w\000o\000r\000k\000\040\000L\000a\000y\000e\000r}{part.1}% 202
\BOOKMARK [1][-]{section.21.1}{\376\377\0002\0001\000.\0001\000\040\000C\000h\000a\000p\000t\000e\000r\000\040\000M\000a\000p\000:\000\040\000W\000h\000a\000t\000\040\000`\000`\000N\000e\000t\000w\000o\000r\000k\000'\000'\000\040\000M\000e\000a\000n\000s\000\040\000i\000n\000\040\000T\000h\000i\000s\000\040\000R\000e\000p\000o}{chapter.21}% 203
\BOOKMARK [1][-]{section.21.2}{\376\377\0002\0001\000.\0002\000\040\000T\000h\000e\000\040\000M\000i\000n\000i\000m\000a\000l\000\040\000P\000r\000o\000t\000o\000c\000o\000l\000\040\000L\000o\000o\000p}{chapter.21}% 204
\BOOKMARK [1][-]{section.21.3}{\376\377\0002\0001\000.\0003\000\040\000M\000e\000s\000s\000a\000g\000e\000\040\000M\000o\000d\000e\000l\000:\000\040\000T\000h\000e\000\040\000W\000i\000r\000e\000-\000L\000e\000v\000e\000l\000\040\000V\000o\000c\000a\000b\000u\000l\000a\000r\000y}{chapter.21}% 205
\BOOKMARK [1][-]{section.21.4}{\376\377\0002\0001\000.\0004\000\040\000T\000C\000P\000\040\000S\000e\000r\000v\000e\000r\000\040\000L\000o\000o\000p\000:\000\040\000H\000o\000w\000\040\000N\000o\000d\000e\000s\000\040\000A\000c\000c\000e\000p\000t\000\040\000C\000o\000n\000n\000e\000c\000t\000i\000o\000n\000s}{chapter.21}% 206
\BOOKMARK [1][-]{section.21.5}{\376\377\0002\0001\000.\0005\000\040\000M\000e\000s\000s\000a\000g\000e\000\040\000D\000i\000s\000p\000a\000t\000c\000h\000e\000r\000:\000\040\000R\000o\000u\000t\000i\000n\000g\000\040\000I\000n\000b\000o\000u\000n\000d\000\040\000M\000e\000s\000s\000a\000g\000e\000s}{chapter.21}% 207
\BOOKMARK [1][-]{section.21.6}{\376\377\0002\0001\000.\0006\000\040\000S\000e\000n\000d\000\040\000P\000r\000i\000m\000i\000t\000i\000v\000e\000s\000:\000\040\000B\000r\000o\000a\000d\000c\000a\000s\000t\000i\000n\000g\000\040\000t\000o\000\040\000P\000e\000e\000r\000s}{chapter.21}% 208
\BOOKMARK [1][-]{section.21.7}{\376\377\0002\0001\000.\0007\000\040\000P\000e\000e\000r\000\040\000D\000i\000s\000c\000o\000v\000e\000r\000y\000:\000\040\000B\000o\000o\000t\000s\000t\000r\000a\000p\000\040\000a\000n\000d\000\040\000K\000n\000o\000w\000n\000\040\000N\000o\000d\000e\000s}{chapter.21}% 209
\BOOKMARK [1][-]{section.21.8}{\376\377\0002\0001\000.\0008\000\040\000T\000r\000a\000d\000e\000-\000o\000f\000f\000s\000:\000\040\000T\000r\000a\000n\000s\000p\000o\000r\000t\000\040\000L\000a\000y\000e\000r\000\040\000A\000r\000c\000h\000i\000t\000e\000c\000t\000u\000r\000e}{chapter.21}% 210
\BOOKMARK [1][-]{section.21.9}{\376\377\0002\0001\000.\0009\000\040\000E\000x\000e\000r\000c\000i\000s\000e\000s}{chapter.21}% 211
\BOOKMARK [1][-]{section.21.10}{\376\377\0002\0001\000.\0001\0000\000\040\000C\000o\000m\000m\000o\000n\000\040\000E\000r\000r\000o\000r\000s}{chapter.21}% 212
\BOOKMARK [0][]{chapter.22}{\376\377\0002\0002\000\040\000N\000o\000d\000e\000\040\000O\000r\000c\000h\000e\000s\000t\000r\000a\000t\000i\000o\000n}{part.1}% 213
\BOOKMARK [1][-]{section.22.1}{\376\377\0002\0002\000.\0001\000\040\000W\000h\000a\000t\000\040\000`\000`\000N\000o\000d\000e\000\040\000O\000r\000c\000h\000e\000s\000t\000r\000a\000t\000i\000o\000n\000'\000'\000\040\000M\000e\000a\000n\000s}{chapter.22}% 214
\BOOKMARK [1][-]{section.22.2}{\376\377\0002\0002\000.\0002\000\040\000T\000h\000e\000\040\000F\000a\000\347\000a\000d\000e\000:\000\040\000N\000o\000d\000e\000C\000o\000n\000t\000e\000x\000t\000\040\000i\000s\000\040\000t\000h\000e\000\040\000C\000o\000o\000r\000d\000i\000n\000a\000t\000o\000r}{chapter.22}% 215
\BOOKMARK [1][-]{section.22.3}{\376\377\0002\0002\000.\0003\000\040\000T\000h\000e\000\040\000M\000e\000m\000p\000o\000o\000l\000\040\000P\000r\000i\000m\000i\000t\000i\000v\000e\000s}{chapter.22}% 216
\BOOKMARK [1][-]{section.22.4}{\376\377\0002\0002\000.\0004\000\040\000M\000i\000n\000i\000n\000g\000\040\000P\000i\000p\000e\000l\000i\000n\000e}{chapter.22}% 217
\BOOKMARK [1][-]{section.22.5}{\376\377\0002\0002\000.\0005\000\040\000P\000e\000e\000r\000\040\000S\000e\000t}{chapter.22}% 218
\BOOKMARK [1][-]{section.22.6}{\376\377\0002\0002\000.\0006\000\040\000I\000n\000t\000e\000g\000r\000a\000t\000i\000o\000n\000\040\000P\000o\000i\000n\000t\000:\000\040\000N\000e\000t\000w\000o\000r\000k\000\040\000R\000o\000u\000t\000i\000n\000g\000\040\000U\000s\000e\000s\000\040\000N\000o\000d\000e\000C\000o\000n\000t\000e\000x\000t}{chapter.22}% 219
\BOOKMARK [1][-]{section.22.7}{\376\377\0002\0002\000.\0007\000\040\000E\000x\000e\000r\000c\000i\000s\000e\000s}{chapter.22}% 220
\BOOKMARK [1][-]{section.22.8}{\376\377\0002\0002\000.\0008\000\040\000S\000u\000m\000m\000a\000r\000y\000:\000\040\000W\000h\000a\000t\000\040\000t\000o\000\040\000R\000e\000m\000e\000m\000b\000e\000r}{chapter.22}% 221
\BOOKMARK [0][]{chapter.23}{\376\377\0002\0003\000\040\000W\000a\000l\000l\000e\000t\000\040\000S\000y\000s\000t\000e\000m}{part.1}% 222
\BOOKMARK [1][-]{section.23.1}{\376\377\0002\0003\000.\0001\000\040\000O\000v\000e\000r\000v\000i\000e\000w\000\040\000a\000n\000d\000\040\000S\000c\000o\000p\000e}{chapter.23}% 223
\BOOKMARK [1][-]{section.23.2}{\376\377\0002\0003\000.\0002\000\040\000M\000e\000n\000t\000a\000l\000\040\000M\000o\000d\000e\000l\000:\000\040\000T\000h\000r\000e\000e\000\040\000L\000a\000y\000e\000r\000s\000,\000\040\000O\000n\000e\000\040\000R\000e\000s\000p\000o\000n\000s\000i\000b\000i\000l\000i\000t\000y\000\040\000E\000a\000c\000h}{chapter.23}% 224
\BOOKMARK [1][-]{section.23.3}{\376\377\0002\0003\000.\0003\000\040\000A\000d\000d\000r\000e\000s\000s\000\040\000F\000o\000r\000m\000a\000t\000\040\000a\000n\000d\000\040\000V\000a\000l\000i\000d\000a\000t\000i\000o\000n}{chapter.23}% 225
\BOOKMARK [1][-]{section.23.4}{\376\377\0002\0003\000.\0004\000\040\000W\000a\000l\000l\000e\000t\000:\000\040\000K\000e\000y\000p\000a\000i\000r\000\040\000C\000r\000e\000a\000t\000i\000o\000n\000\040\000a\000n\000d\000\040\000A\000d\000d\000r\000e\000s\000s\000\040\000D\000e\000r\000i\000v\000a\000t\000i\000o\000n}{chapter.23}% 226
\BOOKMARK [1][-]{section.23.5}{\376\377\0002\0003\000.\0005\000\040\000W\000a\000l\000l\000e\000t\000S\000e\000r\000v\000i\000c\000e\000:\000\040\000M\000u\000l\000t\000i\000p\000l\000e\000\040\000W\000a\000l\000l\000e\000t\000s\000\040\000a\000n\000d\000\040\000F\000i\000l\000e\000\040\000P\000e\000r\000s\000i\000s\000t\000e\000n\000c\000e}{chapter.23}% 227
\BOOKMARK [1][-]{section.23.6}{\376\377\0002\0003\000.\0006\000\040\000K\000e\000y\000\040\000R\000e\000a\000d\000i\000n\000g\000\040\000C\000h\000e\000c\000k\000l\000i\000s\000t}{chapter.23}% 228
\BOOKMARK [1][-]{section.23.7}{\376\377\0002\0003\000.\0007\000\040\000E\000x\000e\000r\000c\000i\000s\000e\000s}{chapter.23}% 229
\BOOKMARK [1][-]{section.23.8}{\376\377\0002\0003\000.\0008\000\040\000F\000u\000r\000t\000h\000e\000r\000\040\000R\000e\000a\000d\000i\000n\000g}{chapter.23}% 230
\BOOKMARK [0][]{chapter.24}{\376\377\0002\0004\000\040\000W\000e\000b\000\040\000A\000P\000I\000\040\000A\000r\000c\000h\000i\000t\000e\000c\000t\000u\000r\000e}{part.1}% 231
\BOOKMARK [1][-]{section.24.1}{\376\377\0002\0004\000.\0001\000\040\000I\000n\000t\000r\000o\000d\000u\000c\000t\000i\000o\000n\000\040\000a\000n\000d\000\040\000A\000r\000c\000h\000i\000t\000e\000c\000t\000u\000r\000e\000\040\000O\000v\000e\000r\000v\000i\000e\000w}{chapter.24}% 232
\BOOKMARK [1][-]{section.24.2}{\376\377\0002\0004\000.\0002\000\040\000S\000e\000r\000v\000e\000r\000\040\000S\000e\000t\000u\000p\000\040\000a\000n\000d\000\040\000C\000o\000n\000f\000i\000g\000u\000r\000a\000t\000i\000o\000n}{chapter.24}% 233
\BOOKMARK [1][-]{section.24.3}{\376\377\0002\0004\000.\0003\000\040\000R\000o\000u\000t\000i\000n\000g\000\040\000S\000y\000s\000t\000e\000m}{chapter.24}% 234
\BOOKMARK [1][-]{section.24.4}{\376\377\0002\0004\000.\0004\000\040\000R\000e\000q\000u\000e\000s\000t\000\040\000H\000a\000n\000d\000l\000e\000r\000s}{chapter.24}% 235
\BOOKMARK [1][-]{section.24.5}{\376\377\0002\0004\000.\0005\000\040\000M\000i\000d\000d\000l\000e\000w\000a\000r\000e\000\040\000L\000a\000y\000e\000r}{chapter.24}% 236
\BOOKMARK [1][-]{section.24.6}{\376\377\0002\0004\000.\0006\000\040\000D\000a\000t\000a\000\040\000M\000o\000d\000e\000l\000s}{chapter.24}% 237
\BOOKMARK [1][-]{section.24.7}{\376\377\0002\0004\000.\0007\000\040\000E\000r\000r\000o\000r\000\040\000H\000a\000n\000d\000l\000i\000n\000g}{chapter.24}% 238
\BOOKMARK [1][-]{section.24.8}{\376\377\0002\0004\000.\0008\000\040\000R\000a\000t\000e\000\040\000L\000i\000m\000i\000t\000i\000n\000g\000\040\000I\000m\000p\000l\000e\000m\000e\000n\000t\000a\000t\000i\000o\000n}{chapter.24}% 239
\BOOKMARK [1][-]{section.24.9}{\376\377\0002\0004\000.\0009\000\040\000O\000p\000e\000n\000A\000P\000I\000\040\000D\000o\000c\000u\000m\000e\000n\000t\000a\000t\000i\000o\000n}{chapter.24}% 240
\BOOKMARK [1][-]{section.24.10}{\376\377\0002\0004\000.\0001\0000\000\040\000S\000e\000c\000u\000r\000i\000t\000y\000\040\000A\000r\000c\000h\000i\000t\000e\000c\000t\000u\000r\000e}{chapter.24}% 241
\BOOKMARK [1][-]{section.24.11}{\376\377\0002\0004\000.\0001\0001\000\040\000B\000e\000s\000t\000\040\000P\000r\000a\000c\000t\000i\000c\000e\000s\000\040\000a\000n\000d\000\040\000P\000a\000t\000t\000e\000r\000n\000s}{chapter.24}% 242
\BOOKMARK [1][-]{section.24.12}{\376\377\0002\0004\000.\0001\0002\000\040\000F\000r\000a\000m\000e\000w\000o\000r\000k\000\040\000R\000e\000f\000e\000r\000e\000n\000c\000e\000:\000\040\000A\000x\000u\000m}{chapter.24}% 243
\BOOKMARK [0][]{chapter.25}{\376\377\0002\0005\000\040\000D\000e\000s\000k\000t\000o\000p\000\040\000A\000d\000m\000i\000n\000\040\000I\000n\000t\000e\000r\000f\000a\000c\000e\000\040\000\050\000I\000c\000e\000d\000\051}{part.1}% 244
\BOOKMARK [1][-]{section.25.1}{\376\377\0002\0005\000.\0001\000\040\000W\000h\000a\000t\000\040\000T\000h\000i\000s\000\040\000U\000I\000\040\000I\000s\000\040\000\050\000I\000n\000\040\000O\000n\000e\000\040\000S\000e\000n\000t\000e\000n\000c\000e\000\051}{chapter.25}% 245
\BOOKMARK [1][-]{section.25.2}{\376\377\0002\0005\000.\0002\000\040\000D\000i\000a\000g\000r\000a\000m\000:\000\040\000M\000V\000U\000\040\000E\000v\000e\000n\000t\000\040\000L\000o\000o\000p\000\040\000\050\000I\000c\000e\000d\000\051}{chapter.25}% 246
\BOOKMARK [1][-]{section.25.3}{\376\377\0002\0005\000.\0003\000\040\000D\000i\000a\000g\000r\000a\000m\000:\000\040\000A\000s\000y\000n\000c\000\040\000B\000o\000u\000n\000d\000a\000r\000y\000\040\000\050\000H\000T\000T\000P\000\040\000R\000e\000q\000u\000e\000s\000t\000s\000\051}{chapter.25}% 247
\BOOKMARK [1][-]{section.25.4}{\376\377\0002\0005\000.\0004\000\040\000F\000i\000l\000e\000\040\000O\000r\000g\000a\000n\000i\000z\000a\000t\000i\000o\000n}{chapter.25}% 248
\BOOKMARK [1][-]{section.25.5}{\376\377\0002\0005\000.\0005\000\040\000A\000p\000p\000l\000i\000c\000a\000t\000i\000o\000n\000\040\000E\000n\000t\000r\000y\000p\000o\000i\000n\000t}{chapter.25}% 249
\BOOKMARK [1][-]{section.25.6}{\376\377\0002\0005\000.\0006\000\040\000T\000o\000k\000i\000o\000\040\000R\000u\000n\000t\000i\000m\000e\000\040\000B\000r\000i\000d\000g\000e}{chapter.25}% 250
\BOOKMARK [1][-]{section.25.7}{\376\377\0002\0005\000.\0007\000\040\000N\000a\000v\000i\000g\000a\000t\000i\000o\000n\000\040\000a\000n\000d\000\040\000E\000v\000e\000n\000t\000s}{chapter.25}% 251
\BOOKMARK [1][-]{section.25.8}{\376\377\0002\0005\000.\0008\000\040\000A\000p\000p\000l\000i\000c\000a\000t\000i\000o\000n\000\040\000S\000t\000a\000t\000e}{chapter.25}% 252
\BOOKMARK [1][-]{section.25.9}{\376\377\0002\0005\000.\0009\000\040\000A\000s\000y\000n\000c\000\040\000A\000P\000I\000\040\000C\000l\000i\000e\000n\000t\000\040\000H\000e\000l\000p\000e\000r\000s}{chapter.25}% 253
\BOOKMARK [1][-]{section.25.10}{\376\377\0002\0005\000.\0001\0000\000\040\000T\000h\000e\000\040\000U\000p\000d\000a\000t\000e\000\040\000L\000o\000o\000p\000:\000\040\000M\000e\000s\000s\000a\000g\000e\000\040\000D\000i\000s\000p\000a\000t\000c\000h\000e\000r}{chapter.25}% 254
\BOOKMARK [1][-]{section.25.11}{\376\377\0002\0005\000.\0001\0001\000\040\000T\000h\000e\000\040\000V\000i\000e\000w\000\040\000L\000a\000y\000e\000r\000:\000\040\000R\000e\000n\000d\000e\000r\000i\000n\000g\000\040\000a\000n\000d\000\040\000D\000i\000s\000p\000a\000t\000c\000h}{chapter.25}% 255
\BOOKMARK [1][-]{section.25.12}{\376\377\0002\0005\000.\0001\0002\000\040\000E\000x\000e\000r\000c\000i\000s\000e\000s}{chapter.25}% 256
\BOOKMARK [1][-]{section.25.13}{\376\377\0002\0005\000.\0001\0003\000\040\000F\000u\000r\000t\000h\000e\000r\000\040\000R\000e\000a\000d\000i\000n\000g}{chapter.25}% 257
\BOOKMARK [0][]{chapter.26}{\376\377\0002\0006\000\040\000D\000e\000s\000k\000t\000o\000p\000\040\000A\000d\000m\000i\000n\000\040\000I\000n\000t\000e\000r\000f\000a\000c\000e\000\040\000\050\000T\000a\000u\000r\000i\000\051}{part.1}% 258
\BOOKMARK [1][-]{section.26.1}{\376\377\0002\0006\000.\0001\000\040\000W\000h\000a\000t\000\040\000T\000h\000i\000s\000\040\000U\000I\000\040\000I\000s\000\040\000\050\000I\000n\000\040\000O\000n\000e\000\040\000S\000e\000n\000t\000e\000n\000c\000e\000\051}{chapter.26}% 259
\BOOKMARK [1][-]{section.26.2}{\376\377\0002\0006\000.\0002\000\040\000W\000h\000y\000\040\000T\000a\000u\000r\000i\000?\000\040\000\050\000I\000c\000e\000d\000\040\000v\000s\000.\000\040\000T\000a\000u\000r\000i\000\040\040\024\000\040\000A\000n\000\040\000A\000r\000c\000h\000i\000t\000e\000c\000t\000u\000r\000a\000l\000\040\000C\000o\000m\000p\000a\000r\000i\000s\000o\000n\000\051}{chapter.26}% 260
\BOOKMARK [1][-]{section.26.3}{\376\377\0002\0006\000.\0003\000\040\000D\000i\000a\000g\000r\000a\000m\000:\000\040\000T\000a\000u\000r\000i\000\040\000I\000P\000C\000\040\000A\000r\000c\000h\000i\000t\000e\000c\000t\000u\000r\000e}{chapter.26}% 261
\BOOKMARK [1][-]{section.26.4}{\376\377\0002\0006\000.\0004\000\040\000F\000i\000l\000e\000\040\000O\000r\000g\000a\000n\000i\000z\000a\000t\000i\000o\000n}{chapter.26}% 262
\BOOKMARK [1][-]{section.26.5}{\376\377\0002\0006\000.\0005\000\040\000R\000u\000s\000t\000\040\000B\000a\000c\000k\000e\000n\000d\000\040\000A\000r\000c\000h\000i\000t\000e\000c\000t\000u\000r\000e}{chapter.26}% 263
\BOOKMARK [1][-]{section.26.6}{\376\377\0002\0006\000.\0006\000\040\000T\000y\000p\000e\000S\000c\000r\000i\000p\000t\000-\000t\000o\000-\000R\000u\000s\000t\000\040\000B\000r\000i\000d\000g\000e}{chapter.26}% 264
\BOOKMARK [1][-]{section.26.7}{\376\377\0002\0006\000.\0007\000\040\000R\000e\000a\000c\000t\000\040\000F\000r\000o\000n\000t\000e\000n\000d\000\040\000I\000n\000f\000r\000a\000s\000t\000r\000u\000c\000t\000u\000r\000e}{chapter.26}% 265
\BOOKMARK [0][]{chapter.27}{\376\377\0002\0007\000\040\000W\000a\000l\000l\000e\000t\000\040\000U\000I\000\040\000\050\000I\000c\000e\000d\000\051}{part.1}% 266
\BOOKMARK [1][-]{section.27.1}{\376\377\0002\0007\000.\0001\000\040\000W\000h\000a\000t\000\040\000T\000h\000i\000s\000\040\000U\000I\000\040\000I\000s\000\040\000\050\000I\000n\000\040\000O\000n\000e\000\040\000S\000e\000n\000t\000e\000n\000c\000e\000\051}{chapter.27}% 267
\BOOKMARK [1][-]{section.27.2}{\376\377\0002\0007\000.\0002\000\040\000A\000r\000c\000h\000i\000t\000e\000c\000t\000u\000r\000a\000l\000\040\000M\000a\000p}{chapter.27}% 268
\BOOKMARK [1][-]{section.27.3}{\376\377\0002\0007\000.\0003\000\040\000B\000o\000o\000t\000\040\000S\000e\000q\000u\000e\000n\000c\000e\000\040\000a\000n\000d\000\040\000W\000i\000r\000i\000n\000g}{chapter.27}% 269
\BOOKMARK [1][-]{section.27.4}{\376\377\0002\0007\000.\0004\000\040\000W\000a\000l\000l\000e\000t\000\040\000A\000p\000p\000l\000i\000c\000a\000t\000i\000o\000n\000\040\000S\000t\000a\000t\000e}{chapter.27}% 270
\BOOKMARK [1][-]{section.27.5}{\376\377\0002\0007\000.\0005\000\040\000M\000e\000s\000s\000a\000g\000e\000\040\000T\000y\000p\000e\000s}{chapter.27}% 271
\BOOKMARK [1][-]{section.27.6}{\376\377\0002\0007\000.\0006\000\040\000U\000p\000d\000a\000t\000e\000\040\000L\000o\000o\000p}{chapter.27}% 272
\BOOKMARK [0][]{chapter.28}{\376\377\0002\0008\000\040\000W\000a\000l\000l\000e\000t\000\040\000U\000I\000\040\000\050\000T\000a\000u\000r\000i\000\051}{part.1}% 273
\BOOKMARK [1][-]{section.28.1}{\376\377\0002\0008\000.\0001\000\040\000W\000h\000a\000t\000\040\000T\000h\000i\000s\000\040\000U\000I\000\040\000I\000s\000\040\000\050\000I\000n\000\040\000O\000n\000e\000\040\000S\000e\000n\000t\000e\000n\000c\000e\000\051}{chapter.28}% 274
\BOOKMARK [1][-]{section.28.2}{\376\377\0002\0008\000.\0002\000\040\000A\000r\000c\000h\000i\000t\000e\000c\000t\000u\000r\000a\000l\000\040\000D\000i\000f\000f\000e\000r\000e\000n\000c\000e\000s\000:\000\040\000I\000c\000e\000d\000\040\000v\000s\000.\000\040\000T\000a\000u\000r\000i\000\040\000W\000a\000l\000l\000e\000t}{chapter.28}% 275
\BOOKMARK [1][-]{section.28.3}{\376\377\0002\0008\000.\0003\000\040\000R\000u\000s\000t\000\040\000B\000a\000c\000k\000e\000n\000d\000\040\000A\000r\000c\000h\000i\000t\000e\000c\000t\000u\000r\000e}{chapter.28}% 276
\BOOKMARK [1][-]{section.28.4}{\376\377\0002\0008\000.\0004\000\040\000R\000e\000a\000c\000t\000\040\000F\000r\000o\000n\000t\000e\000n\000d\000:\000\040\000S\000t\000a\000t\000e\000\040\000M\000a\000n\000a\000g\000e\000m\000e\000n\000t\000\040\000a\000n\000d\000\040\000C\000o\000m\000m\000a\000n\000d\000s}{chapter.28}% 277
\BOOKMARK [1][-]{section.28.5}{\376\377\0002\0008\000.\0005\000\040\000P\000e\000r\000s\000i\000s\000t\000e\000n\000t\000\040\000D\000a\000t\000a\000b\000a\000s\000e\000\040\000L\000a\000y\000e\000r}{chapter.28}% 278
\BOOKMARK [1][-]{section.28.6}{\376\377\0002\0008\000.\0006\000\040\000E\000x\000e\000r\000c\000i\000s\000e\000s}{chapter.28}% 279
\BOOKMARK [1][-]{section.28.7}{\376\377\0002\0008\000.\0007\000\040\000F\000u\000r\000t\000h\000e\000r\000\040\000R\000e\000a\000d\000i\000n\000g}{chapter.28}% 280
\BOOKMARK [0][]{chapter.29}{\376\377\0002\0009\000\040\000E\000m\000b\000e\000d\000d\000e\000d\000\040\000D\000a\000t\000a\000b\000a\000s\000e\000\040\000\046\000\040\000P\000e\000r\000s\000i\000s\000t\000e\000n\000c\000e}{part.1}% 281
\BOOKMARK [1][-]{section.29.1}{\376\377\0002\0009\000.\0001\000\040\000W\000h\000a\000t\000\040\000i\000s\000\040\000S\000Q\000L\000C\000i\000p\000h\000e\000r\000?}{chapter.29}% 282
\BOOKMARK [1][-]{section.29.2}{\376\377\0002\0009\000.\0002\000\040\000W\000h\000a\000t\000\040\000w\000e\000\040\000s\000t\000o\000r\000e\000\040\000\050\000a\000n\000d\000\040\000w\000h\000y\000\051}{chapter.29}% 283
\BOOKMARK [1][-]{section.29.3}{\376\377\0002\0009\000.\0003\000\040\000A\000r\000c\000h\000i\000t\000e\000c\000t\000u\000r\000e\000:\000\040\000a\000\040\000s\000i\000n\000g\000l\000e\000\040\000e\000n\000c\000r\000y\000p\000t\000e\000d\000\040\000d\000a\000t\000a\000b\000a\000s\000e\000\040\000+\000\040\000a\000\040\000s\000i\000n\000g\000l\000e\000\040\000g\000u\000a\000r\000d\000e\000d\000\040\000c\000o\000n\000n\000e\000c\000t\000i\000o\000n}{chapter.29}% 284
\BOOKMARK [1][-]{section.29.4}{\376\377\0002\0009\000.\0004\000\040\000C\000a\000r\000g\000o\000\040\000d\000e\000p\000e\000n\000d\000e\000n\000c\000y\000:\000\040\000r\000u\000s\000q\000l\000i\000t\000e\000\040\000w\000i\000t\000h\000\040\000b\000u\000n\000d\000l\000e\000d\000-\000s\000q\000l\000c\000i\000p\000h\000e\000r}{chapter.29}% 285
\BOOKMARK [1][-]{section.29.5}{\376\377\0002\0009\000.\0005\000\040\000K\000e\000y\000\040\000d\000e\000r\000i\000v\000a\000t\000i\000o\000n\000:\000\040\000d\000e\000t\000e\000r\000m\000i\000n\000i\000s\000t\000i\000c\000\040\000p\000a\000s\000s\000w\000o\000r\000d\000\040\000g\000e\000n\000e\000r\000a\000t\000i\000o\000n}{chapter.29}% 286
\BOOKMARK [1][-]{section.29.6}{\376\377\0002\0009\000.\0006\000\040\000D\000a\000t\000a\000b\000a\000s\000e\000\040\000i\000n\000i\000t\000i\000a\000l\000i\000z\000a\000t\000i\000o\000n}{chapter.29}% 287
\BOOKMARK [1][-]{section.29.7}{\376\377\0002\0009\000.\0007\000\040\000C\000o\000n\000n\000e\000c\000t\000i\000o\000n\000\040\000a\000c\000q\000u\000i\000s\000i\000t\000i\000o\000n\000:\000\040\000g\000e\000t\000\137\000c\000o\000n\000n\000e\000c\000t\000i\000o\000n}{chapter.29}% 288
\BOOKMARK [1][-]{section.29.8}{\376\377\0002\0009\000.\0008\000\040\000S\000c\000h\000e\000m\000a\000\040\000a\000n\000d\000\040\000d\000e\000f\000a\000u\000l\000t\000s\000:\000\040\000c\000r\000e\000a\000t\000e\000\137\000t\000a\000b\000l\000e\000s}{chapter.29}% 289
\BOOKMARK [1][-]{section.29.9}{\376\377\0002\0009\000.\0009\000\040\000M\000i\000g\000r\000a\000t\000i\000o\000n\000s\000:\000\040\000e\000v\000o\000l\000v\000i\000n\000g\000\040\000t\000h\000e\000\040\000d\000a\000t\000a\000b\000a\000s\000e\000\040\000s\000a\000f\000e\000l\000y}{chapter.29}% 290
\BOOKMARK [1][-]{section.29.10}{\376\377\0002\0009\000.\0001\0000\000\040\000D\000a\000t\000a\000\040\000t\000y\000p\000e\000s}{chapter.29}% 291
\BOOKMARK [1][-]{section.29.11}{\376\377\0002\0009\000.\0001\0001\000\040\000S\000e\000t\000t\000i\000n\000g\000s\000\040\000p\000e\000r\000s\000i\000s\000t\000e\000n\000c\000e\000:\000\040\000l\000o\000a\000d\000\040\000a\000n\000d\000\040\000s\000a\000v\000e}{chapter.29}% 292
\BOOKMARK [1][-]{section.29.12}{\376\377\0002\0009\000.\0001\0002\000\040\000W\000a\000l\000l\000e\000t\000\040\000a\000d\000d\000r\000e\000s\000s\000\040\000p\000e\000r\000s\000i\000s\000t\000e\000n\000c\000e\000:\000\040\000i\000n\000s\000e\000r\000t\000-\000o\000r\000-\000u\000p\000d\000a\000t\000e}{chapter.29}% 293
\BOOKMARK [1][-]{section.29.13}{\376\377\0002\0009\000.\0001\0003\000\040\000A\000d\000d\000i\000t\000i\000o\000n\000a\000l\000\040\000T\000a\000u\000r\000i\000\040\000o\000p\000e\000r\000a\000t\000i\000o\000n\000s}{chapter.29}% 294
\BOOKMARK [1][-]{section.29.14}{\376\377\0002\0009\000.\0001\0004\000\040\000I\000c\000e\000d\000\040\000v\000s\000.\000\040\000T\000a\000u\000r\000i\000:\000\040\000c\000o\000m\000p\000a\000r\000i\000s\000o\000n}{chapter.29}% 295
\BOOKMARK [1][-]{section.29.15}{\376\377\0002\0009\000.\0001\0005\000\040\000I\000n\000t\000e\000g\000r\000a\000t\000i\000o\000n\000\040\000p\000o\000i\000n\000t\000s\000\040\000i\000n\000\040\000t\000h\000e\000\040\000w\000a\000l\000l\000e\000t\000\040\000U\000I\000s}{chapter.29}% 296
\BOOKMARK [1][-]{section.29.16}{\376\377\0002\0009\000.\0001\0006\000\040\000U\000n\000i\000t\000\040\000t\000e\000s\000t\000s\000\040\000\050\000T\000a\000u\000r\000i\000\040\000w\000a\000l\000l\000e\000t\000\051}{chapter.29}% 297
\BOOKMARK [1][-]{section.29.17}{\376\377\0002\0009\000.\0001\0007\000\040\000S\000u\000m\000m\000a\000r\000y}{chapter.29}% 298
\BOOKMARK [1][-]{section.29.18}{\376\377\0002\0009\000.\0001\0008\000\040\000E\000x\000e\000r\000c\000i\000s\000e\000s}{chapter.29}% 299
\BOOKMARK [0][]{chapter.30}{\376\377\0003\0000\000\040\000W\000e\000b\000\040\000A\000d\000m\000i\000n\000\040\000I\000n\000t\000e\000r\000f\000a\000c\000e}{part.1}% 300
\BOOKMARK [1][-]{section.30.1}{\376\377\0003\0000\000.\0001\000\040\000O\000v\000e\000r\000v\000i\000e\000w\000\040\000a\000n\000d\000\040\000a\000r\000c\000h\000i\000t\000e\000c\000t\000u\000r\000a\000l\000\040\000s\000p\000i\000n\000e}{chapter.30}% 301
\BOOKMARK [1][-]{section.30.2}{\376\377\0003\0000\000.\0002\000\040\000L\000a\000y\000e\000r\000\040\000b\000o\000u\000n\000d\000a\000r\000i\000e\000s\000\040\000d\000i\000a\000g\000r\000a\000m}{chapter.30}% 302
\BOOKMARK [1][-]{section.30.3}{\376\377\0003\0000\000.\0003\000\040\000E\000n\000d\000-\000t\000o\000-\000e\000n\000d\000\040\000d\000a\000t\000a\000\040\000f\000l\000o\000w}{chapter.30}% 303
\BOOKMARK [1][-]{section.30.4}{\376\377\0003\0000\000.\0004\000\040\000E\000n\000t\000r\000y\000\040\000p\000o\000i\000n\000t\000:\000\040\000s\000r\000c\000/\000m\000a\000i\000n\000.\000t\000s\000x}{chapter.30}% 304
\BOOKMARK [1][-]{section.30.5}{\376\377\0003\0000\000.\0005\000\040\000C\000o\000m\000p\000o\000s\000i\000t\000i\000o\000n\000\040\000r\000o\000o\000t\000:\000\040\000p\000r\000o\000v\000i\000d\000e\000r\000s\000\040\000+\000\040\000r\000o\000u\000t\000e\000s}{chapter.30}% 305
\BOOKMARK [1][-]{section.30.6}{\376\377\0003\0000\000.\0006\000\040\000G\000l\000o\000b\000a\000l\000\040\000c\000o\000n\000f\000i\000g\000u\000r\000a\000t\000i\000o\000n\000:\000\040\000A\000P\000I\000\040\000s\000e\000t\000t\000i\000n\000g\000s}{chapter.30}% 306
\BOOKMARK [1][-]{section.30.7}{\376\377\0003\0000\000.\0007\000\040\000T\000h\000e\000\040\000H\000T\000T\000P\000\040\000b\000o\000u\000n\000d\000a\000r\000y\000:\000\040\000A\000p\000i\000C\000l\000i\000e\000n\000t}{chapter.30}% 307
\BOOKMARK [1][-]{section.30.8}{\376\377\0003\0000\000.\0008\000\040\000T\000h\000e\000\040\000d\000a\000t\000a\000-\000a\000c\000c\000e\000s\000s\000\040\000s\000u\000r\000f\000a\000c\000e\000:\000\040\000R\000e\000a\000c\000t\000\040\000Q\000u\000e\000r\000y\000\040\000h\000o\000o\000k\000s}{chapter.30}% 308
\BOOKMARK [1][-]{section.30.9}{\376\377\0003\0000\000.\0009\000\040\000T\000h\000e\000\040\000U\000I\000\040\000s\000h\000e\000l\000l\000:\000\040\000l\000a\000y\000o\000u\000t\000\040\000+\000\040\000n\000a\000v\000i\000g\000a\000t\000i\000o\000n}{chapter.30}% 309
\BOOKMARK [1][-]{section.30.10}{\376\377\0003\0000\000.\0001\0000\000\040\000A\000\040\000r\000e\000p\000r\000e\000s\000e\000n\000t\000a\000t\000i\000v\000e\000\040\000q\000u\000e\000r\000y\000\040\000s\000c\000r\000e\000e\000n\000:\000\040\000D\000a\000s\000h\000b\000o\000a\000r\000d}{chapter.30}% 310
\BOOKMARK [1][-]{section.30.11}{\376\377\0003\0000\000.\0001\0001\000\040\000A\000\040\000r\000e\000p\000r\000e\000s\000e\000n\000t\000a\000t\000i\000v\000e\000\040\000m\000u\000t\000a\000t\000i\000o\000n\000\040\000s\000c\000r\000e\000e\000n\000:\000\040\000C\000r\000e\000a\000t\000e\000\040\000W\000a\000l\000l\000e\000t}{chapter.30}% 311
\BOOKMARK [1][-]{section.30.12}{\376\377\0003\0000\000.\0001\0002\000\040\000M\000u\000t\000a\000t\000i\000o\000n\000\040\000f\000l\000o\000w\000\040\000d\000i\000a\000g\000r\000a\000m}{chapter.30}% 312
\BOOKMARK [1][-]{section.30.13}{\376\377\0003\0000\000.\0001\0003\000\040\000S\000c\000r\000e\000e\000n\000s\000\040\000m\000i\000x\000i\000n\000g\000\040\000U\000I\000\040\000s\000t\000a\000t\000e\000\040\000a\000n\000d\000\040\000b\000u\000l\000k\000\040\000l\000o\000a\000d\000i\000n\000g}{chapter.30}% 313
\BOOKMARK [1][-]{section.30.14}{\376\377\0003\0000\000.\0001\0004\000\040\000S\000u\000m\000m\000a\000r\000y}{chapter.30}% 314
\BOOKMARK [1][-]{section.30.15}{\376\377\0003\0000\000.\0001\0005\000\040\000E\000x\000e\000r\000c\000i\000s\000e\000s}{chapter.30}% 315
\BOOKMARK [1][-]{section.30.16}{\376\377\0003\0000\000.\0001\0006\000\040\000F\000u\000r\000t\000h\000e\000r\000\040\000R\000e\000a\000d\000i\000n\000g}{chapter.30}% 316
\BOOKMARK [-1][]{part.2}{\376\377\000I\000I\000\040\000D\000e\000p\000l\000o\000y\000m\000e\000n\000t\000\040\000\046\000\040\000O\000p\000e\000r\000a\000t\000i\000o\000n\000s}{}% 317
\BOOKMARK [0][]{chapter.31}{\376\377\0003\0001\000\040\000D\000e\000p\000l\000o\000y\000m\000e\000n\000t\000:\000\040\000D\000o\000c\000k\000e\000r\000\040\000C\000o\000m\000p\000o\000s\000e}{part.2}% 318
\BOOKMARK [1][-]{section.31.1}{\376\377\0003\0001\000.\0001\000\040\000O\000v\000e\000r\000v\000i\000e\000w\000\040\000a\000n\000d\000\040\000Q\000u\000i\000c\000k\000\040\000S\000t\000a\000r\000t}{chapter.31}% 319
\BOOKMARK [1][-]{section.31.2}{\376\377\0003\0001\000.\0002\000\040\000A\000r\000c\000h\000i\000t\000e\000c\000t\000u\000r\000e\000\040\000a\000n\000d\000\040\000E\000x\000e\000c\000u\000t\000i\000o\000n\000\040\000F\000l\000o\000w}{chapter.31}% 320
\BOOKMARK [1][-]{section.31.3}{\376\377\0003\0001\000.\0003\000\040\000D\000e\000p\000l\000o\000y\000m\000e\000n\000t\000\040\000T\000o\000p\000o\000l\000o\000g\000y\000\040\000a\000n\000d\000\040\000N\000e\000t\000w\000o\000r\000k\000i\000n\000g}{chapter.31}% 321
\BOOKMARK [1][-]{section.31.4}{\376\377\0003\0001\000.\0004\000\040\000P\000o\000r\000t\000\040\000M\000a\000p\000p\000i\000n\000g\000\040\000a\000n\000d\000\040\000E\000x\000t\000e\000r\000n\000a\000l\000\040\000A\000c\000c\000e\000s\000s}{chapter.31}% 322
\BOOKMARK [1][-]{section.31.5}{\376\377\0003\0001\000.\0005\000\040\000D\000N\000S\000\040\000R\000e\000s\000o\000l\000u\000t\000i\000o\000n\000\040\000M\000e\000c\000h\000a\000n\000i\000s\000m}{chapter.31}% 323
\BOOKMARK [1][-]{section.31.6}{\376\377\0003\0001\000.\0006\000\040\000D\000e\000p\000l\000o\000y\000m\000e\000n\000t\000\040\000S\000c\000e\000n\000a\000r\000i\000o\000s\000\040\000a\000n\000d\000\040\000O\000p\000e\000r\000a\000t\000i\000o\000n\000s}{chapter.31}% 324
\BOOKMARK [1][-]{section.31.7}{\376\377\0003\0001\000.\0007\000\040\000M\000a\000n\000a\000g\000i\000n\000g\000\040\000S\000c\000r\000i\000p\000t\000\040\000C\000h\000a\000n\000g\000e\000s}{chapter.31}% 325
\BOOKMARK [1][-]{section.31.8}{\376\377\0003\0001\000.\0008\000\040\000E\000n\000v\000i\000r\000o\000n\000m\000e\000n\000t\000\040\000V\000a\000r\000i\000a\000b\000l\000e\000s\000\040\000a\000n\000d\000\040\000C\000o\000n\000f\000i\000g\000u\000r\000a\000t\000i\000o\000n}{chapter.31}% 326
\BOOKMARK [1][-]{section.31.9}{\376\377\0003\0001\000.\0009\000\040\000M\000o\000n\000i\000t\000o\000r\000i\000n\000g\000\040\000a\000n\000d\000\040\000T\000r\000o\000u\000b\000l\000e\000s\000h\000o\000o\000t\000i\000n\000g}{chapter.31}% 327
\BOOKMARK [1][-]{section.31.10}{\376\377\0003\0001\000.\0001\0000\000\040\000A\000c\000c\000e\000s\000s\000i\000n\000g\000\040\000t\000h\000e\000\040\000W\000e\000b\000s\000e\000r\000v\000e\000r}{chapter.31}% 328
\BOOKMARK [1][-]{section.31.11}{\376\377\0003\0001\000.\0001\0001\000\040\000C\000l\000e\000a\000n\000u\000p}{chapter.31}% 329
\BOOKMARK [0][]{chapter.32}{\376\377\0003\0002\000\040\000D\000e\000p\000l\000o\000y\000m\000e\000n\000t\000:\000\040\000K\000u\000b\000e\000r\000n\000e\000t\000e\000s}{part.2}% 330
\BOOKMARK [1][-]{section.32.1}{\376\377\0003\0002\000.\0001\000\040\000I\000n\000t\000r\000o\000d\000u\000c\000t\000i\000o\000n\000\040\000a\000n\000d\000\040\000A\000r\000c\000h\000i\000t\000e\000c\000t\000u\000r\000e}{chapter.32}% 331
\BOOKMARK [1][-]{section.32.2}{\376\377\0003\0002\000.\0002\000\040\000C\000o\000r\000e\000\040\000K\000u\000b\000e\000r\000n\000e\000t\000e\000s\000\040\000C\000o\000n\000c\000e\000p\000t\000s}{chapter.32}% 332
\BOOKMARK [1][-]{section.32.3}{\376\377\0003\0002\000.\0003\000\040\000S\000e\000t\000u\000p\000\040\000a\000n\000d\000\040\000Q\000u\000i\000c\000k\000\040\000S\000t\000a\000r\000t}{chapter.32}% 333
\BOOKMARK [1][-]{section.32.4}{\376\377\0003\0002\000.\0004\000\040\000M\000i\000g\000r\000a\000t\000i\000o\000n\000\040\000f\000r\000o\000m\000\040\000D\000o\000c\000k\000e\000r\000\040\000C\000o\000m\000p\000o\000s\000e}{chapter.32}% 334
\BOOKMARK [1][-]{section.32.5}{\376\377\0003\0002\000.\0005\000\040\000O\000p\000e\000r\000a\000t\000i\000o\000n\000s\000\040\000a\000n\000d\000\040\000S\000c\000a\000l\000i\000n\000g}{chapter.32}% 335
\BOOKMARK [1][-]{section.32.6}{\376\377\0003\0002\000.\0006\000\040\000H\000o\000r\000i\000z\000o\000n\000t\000a\000l\000\040\000P\000o\000d\000\040\000A\000u\000t\000o\000s\000c\000a\000l\000i\000n\000g\000\040\000\050\000H\000P\000A\000\051}{chapter.32}% 336
\BOOKMARK [1][-]{section.32.7}{\376\377\0003\0002\000.\0007\000\040\000T\000r\000o\000u\000b\000l\000e\000s\000h\000o\000o\000t\000i\000n\000g}{chapter.32}% 337
\BOOKMARK [1][-]{section.32.8}{\376\377\0003\0002\000.\0008\000\040\000C\000l\000e\000a\000n\000u\000p}{chapter.32}% 338
\BOOKMARK [1][-]{section.32.9}{\376\377\0003\0002\000.\0009\000\040\000P\000r\000o\000d\000u\000c\000t\000i\000o\000n\000\040\000C\000o\000n\000s\000i\000d\000e\000r\000a\000t\000i\000o\000n\000s}{chapter.32}% 339
\BOOKMARK [-1][]{part.3}{\376\377\000I\000I\000I\000\040\000L\000a\000n\000g\000u\000a\000g\000e\000\040\000R\000e\000f\000e\000r\000e\000n\000c\000e}{}% 340
\BOOKMARK [0][]{chapter.33}{\376\377\0003\0003\000\040\000R\000u\000s\000t\000\040\000L\000a\000n\000g\000u\000a\000g\000e\000\040\000G\000u\000i\000d\000e}{part.3}% 341
\BOOKMARK [1][-]{section.33.1}{\376\377\0003\0003\000.\0001\000\040\000I\000n\000s\000t\000a\000l\000l\000a\000t\000i\000o\000n\000\040\000a\000n\000d\000\040\000S\000e\000t\000u\000p}{chapter.33}% 342
\BOOKMARK [1][-]{section.33.2}{\376\377\0003\0003\000.\0002\000\040\000I\000n\000t\000r\000o\000d\000u\000c\000t\000i\000o\000n\000\040\000t\000o\000\040\000R\000u\000s\000t}{chapter.33}% 343
\BOOKMARK [1][-]{section.33.3}{\376\377\0003\0003\000.\0003\000\040\000O\000w\000n\000e\000r\000s\000h\000i\000p\000\040\000a\000n\000d\000\040\000B\000o\000r\000r\000o\000w\000i\000n\000g}{chapter.33}% 344
\BOOKMARK [1][-]{section.33.4}{\376\377\0003\0003\000.\0004\000\040\000D\000a\000t\000a\000\040\000S\000t\000r\000u\000c\000t\000u\000r\000e\000s\000:\000\040\000S\000t\000r\000u\000c\000t\000s\000\040\000a\000n\000d\000\040\000E\000n\000u\000m\000s}{chapter.33}% 345
\BOOKMARK [1][-]{section.33.5}{\376\377\0003\0003\000.\0005\000\040\000T\000r\000a\000i\000t\000s\000:\000\040\000P\000o\000l\000y\000m\000o\000r\000p\000h\000i\000s\000m\000\040\000a\000n\000d\000\040\000C\000o\000d\000e\000\040\000R\000e\000u\000s\000e}{chapter.33}% 346
\BOOKMARK [1][-]{section.33.6}{\376\377\0003\0003\000.\0006\000\040\000E\000r\000r\000o\000r\000\040\000H\000a\000n\000d\000l\000i\000n\000g}{chapter.33}% 347
\BOOKMARK [1][-]{section.33.7}{\376\377\0003\0003\000.\0007\000\040\000G\000e\000n\000e\000r\000i\000c\000s\000:\000\040\000T\000y\000p\000e\000\040\000P\000a\000r\000a\000m\000e\000t\000e\000r\000s\000\040\000a\000n\000d\000\040\000C\000o\000d\000e\000\040\000R\000e\000u\000s\000e}{chapter.33}% 348
\BOOKMARK [1][-]{section.33.8}{\376\377\0003\0003\000.\0008\000\040\000L\000i\000f\000e\000t\000i\000m\000e\000s\000:\000\040\000M\000a\000n\000a\000g\000i\000n\000g\000\040\000R\000e\000f\000e\000r\000e\000n\000c\000e\000\040\000V\000a\000l\000i\000d\000i\000t\000y}{chapter.33}% 349
\BOOKMARK [1][-]{section.33.9}{\376\377\0003\0003\000.\0009\000\040\000S\000m\000a\000r\000t\000\040\000P\000o\000i\000n\000t\000e\000r\000s\000:\000\040\000S\000h\000a\000r\000e\000d\000\040\000O\000w\000n\000e\000r\000s\000h\000i\000p}{chapter.33}% 350
\BOOKMARK [1][-]{section.33.10}{\376\377\0003\0003\000.\0001\0000\000\040\000P\000a\000t\000t\000e\000r\000n\000\040\000M\000a\000t\000c\000h\000i\000n\000g}{chapter.33}% 351
\BOOKMARK [1][-]{section.33.11}{\376\377\0003\0003\000.\0001\0001\000\040\000D\000e\000r\000i\000v\000e\000\040\000M\000a\000c\000r\000o\000s}{chapter.33}% 352
\BOOKMARK [1][-]{section.33.12}{\376\377\0003\0003\000.\0001\0002\000\040\000A\000s\000y\000n\000c\000/\000A\000w\000a\000i\000t\000:\000\040\000A\000s\000y\000n\000c\000h\000r\000o\000n\000o\000u\000s\000\040\000P\000r\000o\000g\000r\000a\000m\000m\000i\000n\000g}{chapter.33}% 353
\BOOKMARK [1][-]{section.33.13}{\376\377\0003\0003\000.\0001\0003\000\040\000C\000o\000n\000c\000u\000r\000r\000e\000n\000c\000y\000:\000\040\000T\000h\000r\000e\000a\000d\000\040\000S\000a\000f\000e\000t\000y}{chapter.33}% 354
\BOOKMARK [1][-]{section.33.14}{\376\377\0003\0003\000.\0001\0004\000\040\000M\000o\000d\000u\000l\000e\000s\000:\000\040\000C\000o\000d\000e\000\040\000O\000r\000g\000a\000n\000i\000z\000a\000t\000i\000o\000n}{chapter.33}% 355
\BOOKMARK [1][-]{section.33.15}{\376\377\0003\0003\000.\0001\0005\000\040\000I\000t\000e\000r\000a\000t\000o\000r\000s\000\040\000a\000n\000d\000\040\000C\000l\000o\000s\000u\000r\000e\000s}{chapter.33}% 356
\BOOKMARK [1][-]{section.33.16}{\376\377\0003\0003\000.\0001\0006\000\040\000T\000y\000p\000e\000\040\000C\000o\000n\000v\000e\000r\000s\000i\000o\000n\000s}{chapter.33}% 357
\BOOKMARK [1][-]{section.33.17}{\376\377\0003\0003\000.\0001\0007\000\040\000T\000e\000s\000t\000i\000n\000g}{chapter.33}% 358
\BOOKMARK [1][-]{section.33.18}{\376\377\0003\0003\000.\0001\0008\000\040\000B\000e\000s\000t\000\040\000P\000r\000a\000c\000t\000i\000c\000e\000s}{chapter.33}% 359
\BOOKMARK [0][]{chapter*.564}{\376\377\000C\000o\000l\000o\000p\000h\000o\000n}{part.3}% 360
